[INFO] Scanning for projects...
[INFO] 
[INFO] -----------------------< com.example:lets-play >------------------------
[INFO] Building lets-play 0.0.1-SNAPSHOT
[INFO]   from pom.xml
[INFO] --------------------------------[ jar ]---------------------------------
[INFO] 
[INFO] --- jacoco:0.8.10:prepare-agent (prepare-agent) @ lets-play ---
[INFO] argLine set to -javaagent:/home/zone01student/.m2/repository/org/jacoco/org.jacoco.agent/0.8.10/org.jacoco.agent-0.8.10-runtime.jar=destfile=/home/zone01student/dev/Java/lets-play/target/jacoco.exec
[INFO] 
[INFO] >>> jxr:3.1.1:jxr (generate-xref) > generate-sources @ lets-play >>>
[INFO] 
[INFO] --- jacoco:0.8.10:prepare-agent (prepare-agent) @ lets-play ---
[INFO] argLine set to -javaagent:/home/zone01student/.m2/repository/org/jacoco/org.jacoco.agent/0.8.10/org.jacoco.agent-0.8.10-runtime.jar=destfile=/home/zone01student/dev/Java/lets-play/target/jacoco.exec
[INFO] 
[INFO] <<< jxr:3.1.1:jxr (generate-xref) < generate-sources @ lets-play <<<
[INFO] 
[INFO] 
[INFO] --- jxr:3.1.1:jxr (generate-xref) @ lets-play ---
[INFO] 
[INFO] --- resources:3.3.1:resources (default-resources) @ lets-play ---
[INFO] Copying 1 resource from src/main/resources to target/classes
[INFO] Copying 1 resource from src/main/resources to target/classes
[INFO] 
[INFO] --- compiler:3.14.0:compile (default-compile) @ lets-play ---
[INFO] Nothing to compile - all classes are up to date.
[INFO] 
[INFO] >>> jxr:3.1.1:test-jxr (generate-test-xref) > generate-test-sources @ lets-play >>>
[INFO] 
[INFO] --- jacoco:0.8.10:prepare-agent (prepare-agent) @ lets-play ---
[INFO] argLine set to -javaagent:/home/zone01student/.m2/repository/org/jacoco/org.jacoco.agent/0.8.10/org.jacoco.agent-0.8.10-runtime.jar=destfile=/home/zone01student/dev/Java/lets-play/target/jacoco.exec
[INFO] 
[INFO] >>> jxr:3.1.1:jxr (generate-xref) > generate-sources @ lets-play >>>
[INFO] 
[INFO] --- jacoco:0.8.10:prepare-agent (prepare-agent) @ lets-play ---
[INFO] argLine set to -javaagent:/home/zone01student/.m2/repository/org/jacoco/org.jacoco.agent/0.8.10/org.jacoco.agent-0.8.10-runtime.jar=destfile=/home/zone01student/dev/Java/lets-play/target/jacoco.exec
[INFO] 
[INFO] <<< jxr:3.1.1:jxr (generate-xref) < generate-sources @ lets-play <<<
[INFO] 
[INFO] 
[INFO] --- jxr:3.1.1:jxr (generate-xref) @ lets-play ---
[INFO] 
[INFO] --- resources:3.3.1:resources (default-resources) @ lets-play ---
[INFO] Copying 1 resource from src/main/resources to target/classes
[INFO] Copying 1 resource from src/main/resources to target/classes
[INFO] 
[INFO] --- compiler:3.14.0:compile (default-compile) @ lets-play ---
[INFO] Nothing to compile - all classes are up to date.
[INFO] 
[INFO] <<< jxr:3.1.1:test-jxr (generate-test-xref) < generate-test-sources @ lets-play <<<
[INFO] 
[INFO] 
[INFO] --- jxr:3.1.1:test-jxr (generate-test-xref) @ lets-play ---
[INFO] 
[INFO] --- resources:3.3.1:testResources (default-testResources) @ lets-play ---
[INFO] skip non existing resourceDirectory /home/zone01student/dev/Java/lets-play/src/test/resources
[INFO] 
[INFO] --- compiler:3.14.0:testCompile (default-testCompile) @ lets-play ---
[INFO] Nothing to compile - all classes are up to date.
[INFO] 
[INFO] --- surefire:3.5.4:test (default-test) @ lets-play ---
[INFO] Using auto detected provider org.apache.maven.surefire.junitplatform.JUnitPlatformProvider
[INFO] 
[INFO] -------------------------------------------------------
[INFO]  T E S T S
[INFO] -------------------------------------------------------
[INFO] Running com.example.lets_play.ForbiddenIntegrationTest
11:11:22.835 [main] INFO org.springframework.test.context.support.AnnotationConfigContextLoaderUtils -- Could not detect default configuration classes for test class [com.example.lets_play.ForbiddenIntegrationTest]: ForbiddenIntegrationTest does not declare any static, non-private, non-final, nested classes annotated with @Configuration.
11:11:23.080 [main] INFO org.springframework.boot.test.context.SpringBootTestContextBootstrapper -- Found @SpringBootConfiguration com.example.lets_play.LetsPlayApplication for test class com.example.lets_play.ForbiddenIntegrationTest
11:11:23.654 [main] INFO org.springframework.boot.devtools.restart.RestartApplicationListener -- Restart disabled due to context in which it is running

  .   ____          _            __ _ _
 /\\ / ___'_ __ _ _(_)_ __  __ _ \ \ \ \
( ( )\___ | '_ | '_| | '_ \/ _` | \ \ \ \
 \\/  ___)| |_)| | | | | || (_| |  ) ) ) )
  '  |____| .__|_| |_|_| |_\__, | / / / /
 =========|_|==============|___/=/_/_/_/

 :: Spring Boot ::                (v3.5.6)

2025-10-20T11:11:24.094+02:00  INFO 48261 --- [lets-play] [           main] c.e.lets_play.ForbiddenIntegrationTest   : Starting ForbiddenIntegrationTest using Java 21.0.8 with PID 48261 (started by zone01student in /home/zone01student/dev/Java/lets-play)
2025-10-20T11:11:24.095+02:00 DEBUG 48261 --- [lets-play] [           main] c.e.lets_play.ForbiddenIntegrationTest   : Running with Spring Boot v3.5.6, Spring v6.2.11
2025-10-20T11:11:24.096+02:00  INFO 48261 --- [lets-play] [           main] c.e.lets_play.ForbiddenIntegrationTest   : The following 1 profile is active: "test"
2025-10-20T11:11:25.066+02:00  INFO 48261 --- [lets-play] [           main] .s.d.r.c.RepositoryConfigurationDelegate : Bootstrapping Spring Data MongoDB repositories in DEFAULT mode.
2025-10-20T11:11:25.121+02:00  INFO 48261 --- [lets-play] [           main] .s.d.r.c.RepositoryConfigurationDelegate : Finished Spring Data repository scanning in 48 ms. Found 2 MongoDB repository interfaces.
2025-10-20T11:11:25.894+02:00  INFO 48261 --- [lets-play] [           main] o.s.b.w.embedded.tomcat.TomcatWebServer  : Tomcat initialized with port 0 (http)
2025-10-20T11:11:25.920+02:00  INFO 48261 --- [lets-play] [           main] o.apache.catalina.core.StandardService   : Starting service [Tomcat]
2025-10-20T11:11:25.920+02:00  INFO 48261 --- [lets-play] [           main] o.apache.catalina.core.StandardEngine    : Starting Servlet engine: [Apache Tomcat/10.1.46]
2025-10-20T11:11:26.004+02:00  INFO 48261 --- [lets-play] [           main] o.a.c.c.C.[Tomcat].[localhost].[/]       : Initializing Spring embedded WebApplicationContext
2025-10-20T11:11:26.006+02:00  INFO 48261 --- [lets-play] [           main] w.s.c.ServletWebServerApplicationContext : Root WebApplicationContext: initialization completed in 1885 ms
2025-10-20T11:11:26.297+02:00  INFO 48261 --- [lets-play] [           main] org.mongodb.driver.client                : MongoClient with metadata {"driver": {"name": "mongo-java-driver|sync|spring-boot", "version": "5.5.1"}, "os": {"type": "Linux", "name": "Linux", "architecture": "amd64", "version": "6.14.0-33-generic"}, "platform": "Java/Ubuntu/21.0.8+9-Ubuntu-0ubuntu124.04.1"} created with settings MongoClientSettings{readPreference=primary, writeConcern=WriteConcern{w=null, wTimeout=null ms, journal=null}, retryWrites=true, retryReads=true, readConcern=ReadConcern{level=null}, credential=null, transportSettings=null, commandListeners=[], codecRegistry=ProvidersCodecRegistry{codecProviders=[ValueCodecProvider{}, BsonValueCodecProvider{}, DBRefCodecProvider{}, DBObjectCodecProvider{}, DocumentCodecProvider{}, CollectionCodecProvider{}, IterableCodecProvider{}, MapCodecProvider{}, GeoJsonCodecProvider{}, GridFSFileCodecProvider{}, Jsr310CodecProvider{}, JsonObjectCodecProvider{}, BsonCodecProvider{}, EnumCodecProvider{}, com.mongodb.client.model.mql.ExpressionCodecProvider@78a5c127, com.mongodb.Jep395RecordCodecProvider@102ee705, com.mongodb.KotlinCodecProvider@24c036b7]}, loggerSettings=LoggerSettings{maxDocumentLength=1000}, clusterSettings={hosts=[localhost:27017], srvServiceName=mongodb, mode=SINGLE, requiredClusterType=UNKNOWN, requiredReplicaSetName='null', serverSelector='null', clusterListeners='[]', serverSelectionTimeout='30000 ms', localThreshold='15 ms'}, socketSettings=SocketSettings{connectTimeoutMS=10000, readTimeoutMS=0, receiveBufferSize=0, proxySettings=ProxySettings{host=null, port=null, username=null, password=null}}, heartbeatSocketSettings=SocketSettings{connectTimeoutMS=10000, readTimeoutMS=10000, receiveBufferSize=0, proxySettings=ProxySettings{host=null, port=null, username=null, password=null}}, connectionPoolSettings=ConnectionPoolSettings{maxSize=100, minSize=0, maxWaitTimeMS=120000, maxConnectionLifeTimeMS=0, maxConnectionIdleTimeMS=0, maintenanceInitialDelayMS=0, maintenanceFrequencyMS=60000, connectionPoolListeners=[], maxConnecting=2}, serverSettings=ServerSettings{heartbeatFrequencyMS=10000, minHeartbeatFrequencyMS=500, serverMonitoringMode=AUTO, serverListeners='[]', serverMonitorListeners='[]'}, sslSettings=SslSettings{enabled=false, invalidHostNameAllowed=false, context=null}, applicationName='null', compressorList=[], uuidRepresentation=JAVA_LEGACY, serverApi=null, autoEncryptionSettings=null, dnsClient=null, inetAddressResolver=null, contextProvider=null, timeoutMS=null}
2025-10-20T11:11:26.305+02:00  INFO 48261 --- [lets-play] [localhost:27017] org.mongodb.driver.cluster               : Monitor thread successfully connected to server with description ServerDescription{address=localhost:27017, type=STANDALONE, cryptd=false, state=CONNECTED, ok=true, minWireVersion=0, maxWireVersion=21, maxDocumentSize=16777216, logicalSessionTimeoutMinutes=30, roundTripTimeNanos=24975166, minRoundTripTimeNanos=0}
2025-10-20T11:11:26.726+02:00 DEBUG 48261 --- [lets-play] [           main] c.e.lets_play.config.RateLimitingFilter  : Filter 'rateLimitingFilter' configured for use
2025-10-20T11:11:26.726+02:00 DEBUG 48261 --- [lets-play] [           main] c.e.lets_play.security.AuthTokenFilter   : Filter 'authenticationJwtTokenFilter' configured for use
2025-10-20T11:11:26.727+02:00 DEBUG 48261 --- [lets-play] [           main] c.e.l.config.HttpsEnforcerFilter         : Filter 'httpsEnforcerFilter' configured for use
2025-10-20T11:11:26.787+02:00  INFO 48261 --- [lets-play] [           main] r$InitializeUserDetailsManagerConfigurer : Global AuthenticationManager configured with UserDetailsService bean with name userDetailsServiceImpl
2025-10-20T11:11:27.560+02:00 DEBUG 48261 --- [lets-play] [           main] o.s.s.web.DefaultSecurityFilterChain     : Will secure any request with filters: DisableEncodeUrlFilter, WebAsyncManagerIntegrationFilter, SecurityContextHolderFilter, HeaderWriterFilter, CorsFilter, LogoutFilter, RateLimitingFilter, HttpsEnforcerFilter, AuthTokenFilter, RequestCacheAwareFilter, SecurityContextHolderAwareRequestFilter, AnonymousAuthenticationFilter, SessionManagementFilter, ExceptionTranslationFilter, AuthorizationFilter
2025-10-20T11:11:28.135+02:00  INFO 48261 --- [lets-play] [           main] o.s.b.w.embedded.tomcat.TomcatWebServer  : Tomcat started on port 34939 (http) with context path '/'
2025-10-20T11:11:28.144+02:00  INFO 48261 --- [lets-play] [           main] c.e.lets_play.ForbiddenIntegrationTest   : Started ForbiddenIntegrationTest in 4.513 seconds (process running for 6.473)
2025-10-20T11:11:29.267+02:00  INFO 48261 --- [lets-play] [o-auto-1-exec-1] o.a.c.c.C.[Tomcat].[localhost].[/]       : Initializing Spring DispatcherServlet 'dispatcherServlet'
2025-10-20T11:11:29.268+02:00  INFO 48261 --- [lets-play] [o-auto-1-exec-1] o.s.web.servlet.DispatcherServlet        : Initializing Servlet 'dispatcherServlet'
2025-10-20T11:11:29.269+02:00  INFO 48261 --- [lets-play] [o-auto-1-exec-1] o.s.web.servlet.DispatcherServlet        : Completed initialization in 1 ms
2025-10-20T11:11:29.287+02:00 DEBUG 48261 --- [lets-play] [o-auto-1-exec-1] o.s.security.web.FilterChainProxy        : Securing POST /api/auth/signup
2025-10-20T11:11:29.294+02:00 DEBUG 48261 --- [lets-play] [o-auto-1-exec-1] o.s.s.w.a.AnonymousAuthenticationFilter  : Set SecurityContextHolder to anonymous SecurityContext
2025-10-20T11:11:29.297+02:00 DEBUG 48261 --- [lets-play] [o-auto-1-exec-1] o.s.security.web.FilterChainProxy        : Secured POST /api/auth/signup
2025-10-20T11:11:29.640+02:00 DEBUG 48261 --- [lets-play] [o-auto-1-exec-2] o.s.security.web.FilterChainProxy        : Securing POST /api/auth/signin
2025-10-20T11:11:29.641+02:00 DEBUG 48261 --- [lets-play] [o-auto-1-exec-2] o.s.s.w.a.AnonymousAuthenticationFilter  : Set SecurityContextHolder to anonymous SecurityContext
2025-10-20T11:11:29.641+02:00 DEBUG 48261 --- [lets-play] [o-auto-1-exec-2] o.s.security.web.FilterChainProxy        : Secured POST /api/auth/signin
2025-10-20T11:11:29.815+02:00 DEBUG 48261 --- [lets-play] [o-auto-1-exec-2] o.s.s.a.dao.DaoAuthenticationProvider    : Authenticated user
2025-10-20T11:11:29.854+02:00 DEBUG 48261 --- [lets-play] [o-auto-1-exec-3] o.s.security.web.FilterChainProxy        : Securing POST /api/products
2025-10-20T11:11:29.876+02:00 DEBUG 48261 --- [lets-play] [o-auto-1-exec-3] o.s.security.web.FilterChainProxy        : Secured POST /api/products
2025-10-20T11:11:29.911+02:00 DEBUG 48261 --- [lets-play] [o-auto-1-exec-4] o.s.security.web.FilterChainProxy        : Securing POST /api/auth/signup
2025-10-20T11:11:29.914+02:00 DEBUG 48261 --- [lets-play] [o-auto-1-exec-4] o.s.s.w.a.AnonymousAuthenticationFilter  : Set SecurityContextHolder to anonymous SecurityContext
2025-10-20T11:11:29.914+02:00 DEBUG 48261 --- [lets-play] [o-auto-1-exec-4] o.s.security.web.FilterChainProxy        : Secured POST /api/auth/signup
2025-10-20T11:11:29.987+02:00 DEBUG 48261 --- [lets-play] [o-auto-1-exec-5] o.s.security.web.FilterChainProxy        : Securing POST /api/auth/signin
2025-10-20T11:11:29.988+02:00 DEBUG 48261 --- [lets-play] [o-auto-1-exec-5] o.s.s.w.a.AnonymousAuthenticationFilter  : Set SecurityContextHolder to anonymous SecurityContext
2025-10-20T11:11:29.988+02:00 DEBUG 48261 --- [lets-play] [o-auto-1-exec-5] o.s.security.web.FilterChainProxy        : Secured POST /api/auth/signin
2025-10-20T11:11:30.068+02:00 DEBUG 48261 --- [lets-play] [o-auto-1-exec-5] o.s.s.a.dao.DaoAuthenticationProvider    : Authenticated user
2025-10-20T11:11:30.073+02:00 DEBUG 48261 --- [lets-play] [o-auto-1-exec-6] o.s.security.web.FilterChainProxy        : Securing PUT /api/products/68f5fcc1df308d7c80fd347f
2025-10-20T11:11:30.082+02:00 DEBUG 48261 --- [lets-play] [o-auto-1-exec-6] o.s.security.web.FilterChainProxy        : Secured PUT /api/products/68f5fcc1df308d7c80fd347f
[INFO] Tests run: 1, Failures: 0, Errors: 0, Skipped: 0, Time elapsed: 7.669 s -- in com.example.lets_play.ForbiddenIntegrationTest
[INFO] Running com.example.lets_play.config.CorsConfigurationTest
2025-10-20T11:11:30.154+02:00  INFO 48261 --- [lets-play] [           main] t.c.s.AnnotationConfigContextLoaderUtils : Could not detect default configuration classes for test class [com.example.lets_play.config.CorsConfigurationTest]: CorsConfigurationTest does not declare any static, non-private, non-final, nested classes annotated with @Configuration.
2025-10-20T11:11:30.188+02:00  INFO 48261 --- [lets-play] [           main] .b.t.c.SpringBootTestContextBootstrapper : Found @SpringBootConfiguration com.example.lets_play.LetsPlayApplication for test class com.example.lets_play.config.CorsConfigurationTest
2025-10-20T11:11:30.203+02:00  INFO 48261 --- [lets-play] [           main] o.s.b.d.r.RestartApplicationListener     : Restart disabled due to context in which it is running

  .   ____          _            __ _ _
 /\\ / ___'_ __ _ _(_)_ __  __ _ \ \ \ \
( ( )\___ | '_ | '_| | '_ \/ _` | \ \ \ \
 \\/  ___)| |_)| | | | | || (_| |  ) ) ) )
  '  |____| .__|_| |_|_| |_\__, | / / / /
 =========|_|==============|___/=/_/_/_/

 :: Spring Boot ::                (v3.5.6)

2025-10-20T11:11:30.232+02:00  INFO 48261 --- [lets-play] [           main] c.e.l.config.CorsConfigurationTest       : Starting CorsConfigurationTest using Java 21.0.8 with PID 48261 (started by zone01student in /home/zone01student/dev/Java/lets-play)
2025-10-20T11:11:30.232+02:00 DEBUG 48261 --- [lets-play] [           main] c.e.l.config.CorsConfigurationTest       : Running with Spring Boot v3.5.6, Spring v6.2.11
2025-10-20T11:11:30.232+02:00  INFO 48261 --- [lets-play] [           main] c.e.l.config.CorsConfigurationTest       : No active profile set, falling back to 1 default profile: "default"
2025-10-20T11:11:30.499+02:00  INFO 48261 --- [lets-play] [           main] .s.d.r.c.RepositoryConfigurationDelegate : Bootstrapping Spring Data MongoDB repositories in DEFAULT mode.
2025-10-20T11:11:30.514+02:00  INFO 48261 --- [lets-play] [           main] .s.d.r.c.RepositoryConfigurationDelegate : Finished Spring Data repository scanning in 12 ms. Found 2 MongoDB repository interfaces.
2025-10-20T11:11:30.648+02:00  INFO 48261 --- [lets-play] [localhost:27017] org.mongodb.driver.cluster               : Monitor thread successfully connected to server with description ServerDescription{address=localhost:27017, type=STANDALONE, cryptd=false, state=CONNECTED, ok=true, minWireVersion=0, maxWireVersion=21, maxDocumentSize=16777216, logicalSessionTimeoutMinutes=30, roundTripTimeNanos=1233677, minRoundTripTimeNanos=0}
2025-10-20T11:11:30.648+02:00  INFO 48261 --- [lets-play] [           main] org.mongodb.driver.client                : MongoClient with metadata {"driver": {"name": "mongo-java-driver|sync|spring-boot", "version": "5.5.1"}, "os": {"type": "Linux", "name": "Linux", "architecture": "amd64", "version": "6.14.0-33-generic"}, "platform": "Java/Ubuntu/21.0.8+9-Ubuntu-0ubuntu124.04.1"} created with settings MongoClientSettings{readPreference=primary, writeConcern=WriteConcern{w=null, wTimeout=null ms, journal=null}, retryWrites=true, retryReads=true, readConcern=ReadConcern{level=null}, credential=null, transportSettings=null, commandListeners=[], codecRegistry=ProvidersCodecRegistry{codecProviders=[ValueCodecProvider{}, BsonValueCodecProvider{}, DBRefCodecProvider{}, DBObjectCodecProvider{}, DocumentCodecProvider{}, CollectionCodecProvider{}, IterableCodecProvider{}, MapCodecProvider{}, GeoJsonCodecProvider{}, GridFSFileCodecProvider{}, Jsr310CodecProvider{}, JsonObjectCodecProvider{}, BsonCodecProvider{}, EnumCodecProvider{}, com.mongodb.client.model.mql.ExpressionCodecProvider@78a5c127, com.mongodb.Jep395RecordCodecProvider@102ee705, com.mongodb.KotlinCodecProvider@24c036b7]}, loggerSettings=LoggerSettings{maxDocumentLength=1000}, clusterSettings={hosts=[localhost:27017], srvServiceName=mongodb, mode=SINGLE, requiredClusterType=UNKNOWN, requiredReplicaSetName='null', serverSelector='null', clusterListeners='[]', serverSelectionTimeout='30000 ms', localThreshold='15 ms'}, socketSettings=SocketSettings{connectTimeoutMS=10000, readTimeoutMS=0, receiveBufferSize=0, proxySettings=ProxySettings{host=null, port=null, username=null, password=null}}, heartbeatSocketSettings=SocketSettings{connectTimeoutMS=10000, readTimeoutMS=10000, receiveBufferSize=0, proxySettings=ProxySettings{host=null, port=null, username=null, password=null}}, connectionPoolSettings=ConnectionPoolSettings{maxSize=100, minSize=0, maxWaitTimeMS=120000, maxConnectionLifeTimeMS=0, maxConnectionIdleTimeMS=0, maintenanceInitialDelayMS=0, maintenanceFrequencyMS=60000, connectionPoolListeners=[], maxConnecting=2}, serverSettings=ServerSettings{heartbeatFrequencyMS=10000, minHeartbeatFrequencyMS=500, serverMonitoringMode=AUTO, serverListeners='[]', serverMonitorListeners='[]'}, sslSettings=SslSettings{enabled=false, invalidHostNameAllowed=false, context=null}, applicationName='null', compressorList=[], uuidRepresentation=JAVA_LEGACY, serverApi=null, autoEncryptionSettings=null, dnsClient=null, inetAddressResolver=null, contextProvider=null, timeoutMS=null}
2025-10-20T11:11:30.714+02:00  INFO 48261 --- [lets-play] [           main] r$InitializeUserDetailsManagerConfigurer : Global AuthenticationManager configured with UserDetailsService bean with name userDetailsServiceImpl
2025-10-20T11:11:30.890+02:00 DEBUG 48261 --- [lets-play] [           main] o.s.s.web.DefaultSecurityFilterChain     : Will secure any request with filters: DisableEncodeUrlFilter, WebAsyncManagerIntegrationFilter, SecurityContextHolderFilter, HeaderWriterFilter, CorsFilter, LogoutFilter, RateLimitingFilter, HttpsEnforcerFilter, AuthTokenFilter, RequestCacheAwareFilter, SecurityContextHolderAwareRequestFilter, AnonymousAuthenticationFilter, SessionManagementFilter, ExceptionTranslationFilter, AuthorizationFilter
2025-10-20T11:11:31.006+02:00 DEBUG 48261 --- [lets-play] [           main] c.e.lets_play.config.RateLimitingFilter  : Filter 'rateLimitingFilter' configured for use
2025-10-20T11:11:31.006+02:00 DEBUG 48261 --- [lets-play] [           main] c.e.l.config.HttpsEnforcerFilter         : Filter 'httpsEnforcerFilter' configured for use
2025-10-20T11:11:31.006+02:00 DEBUG 48261 --- [lets-play] [           main] c.e.lets_play.security.AuthTokenFilter   : Filter 'authenticationJwtTokenFilter' configured for use
2025-10-20T11:11:31.006+02:00  INFO 48261 --- [lets-play] [           main] o.s.b.t.m.w.SpringBootMockServletContext : Initializing Spring TestDispatcherServlet ''
2025-10-20T11:11:31.006+02:00  INFO 48261 --- [lets-play] [           main] o.s.t.web.servlet.TestDispatcherServlet  : Initializing Servlet ''
2025-10-20T11:11:31.007+02:00  INFO 48261 --- [lets-play] [           main] o.s.t.web.servlet.TestDispatcherServlet  : Completed initialization in 0 ms
2025-10-20T11:11:31.035+02:00  INFO 48261 --- [lets-play] [           main] c.e.l.config.CorsConfigurationTest       : Started CorsConfigurationTest in 0.832 seconds (process running for 9.364)
2025-10-20T11:11:31.063+02:00 DEBUG 48261 --- [lets-play] [           main] o.s.security.web.FilterChainProxy        : Securing OPTIONS /api/products
[INFO] Tests run: 1, Failures: 0, Errors: 0, Skipped: 0, Time elapsed: 1.016 s -- in com.example.lets_play.config.CorsConfigurationTest
[INFO] Running com.example.lets_play.config.HttpsEnforcerIntegrationTest
2025-10-20T11:11:31.172+02:00  INFO 48261 --- [lets-play] [           main] t.c.s.AnnotationConfigContextLoaderUtils : Could not detect default configuration classes for test class [com.example.lets_play.config.HttpsEnforcerIntegrationTest]: HttpsEnforcerIntegrationTest does not declare any static, non-private, non-final, nested classes annotated with @Configuration.
2025-10-20T11:11:31.174+02:00  INFO 48261 --- [lets-play] [           main] .b.t.c.SpringBootTestContextBootstrapper : Found @SpringBootConfiguration com.example.lets_play.LetsPlayApplication for test class com.example.lets_play.config.HttpsEnforcerIntegrationTest
2025-10-20T11:11:31.178+02:00  INFO 48261 --- [lets-play] [           main] o.s.b.d.r.RestartApplicationListener     : Restart disabled due to context in which it is running

  .   ____          _            __ _ _
 /\\ / ___'_ __ _ _(_)_ __  __ _ \ \ \ \
( ( )\___ | '_ | '_| | '_ \/ _` | \ \ \ \
 \\/  ___)| |_)| | | | | || (_| |  ) ) ) )
  '  |____| .__|_| |_|_| |_\__, | / / / /
 =========|_|==============|___/=/_/_/_/

 :: Spring Boot ::                (v3.5.6)

2025-10-20T11:11:31.201+02:00  INFO 48261 --- [lets-play] [           main] c.e.l.c.HttpsEnforcerIntegrationTest     : Starting HttpsEnforcerIntegrationTest using Java 21.0.8 with PID 48261 (started by zone01student in /home/zone01student/dev/Java/lets-play)
2025-10-20T11:11:31.201+02:00 DEBUG 48261 --- [lets-play] [           main] c.e.l.c.HttpsEnforcerIntegrationTest     : Running with Spring Boot v3.5.6, Spring v6.2.11
2025-10-20T11:11:31.202+02:00  INFO 48261 --- [lets-play] [           main] c.e.l.c.HttpsEnforcerIntegrationTest     : No active profile set, falling back to 1 default profile: "default"
2025-10-20T11:11:31.326+02:00  INFO 48261 --- [lets-play] [           main] .s.d.r.c.RepositoryConfigurationDelegate : Bootstrapping Spring Data MongoDB repositories in DEFAULT mode.
2025-10-20T11:11:31.336+02:00  INFO 48261 --- [lets-play] [           main] .s.d.r.c.RepositoryConfigurationDelegate : Finished Spring Data repository scanning in 8 ms. Found 2 MongoDB repository interfaces.
2025-10-20T11:11:31.390+02:00  INFO 48261 --- [lets-play] [           main] o.s.b.w.embedded.tomcat.TomcatWebServer  : Tomcat initialized with port 0 (http)
2025-10-20T11:11:31.391+02:00  INFO 48261 --- [lets-play] [           main] o.apache.catalina.core.StandardService   : Starting service [Tomcat]
2025-10-20T11:11:31.391+02:00  INFO 48261 --- [lets-play] [           main] o.apache.catalina.core.StandardEngine    : Starting Servlet engine: [Apache Tomcat/10.1.46]
2025-10-20T11:11:31.399+02:00  INFO 48261 --- [lets-play] [           main] o.a.c.c.C.[Tomcat-1].[localhost].[/]     : Initializing Spring embedded WebApplicationContext
2025-10-20T11:11:31.400+02:00  INFO 48261 --- [lets-play] [           main] w.s.c.ServletWebServerApplicationContext : Root WebApplicationContext: initialization completed in 196 ms
2025-10-20T11:11:31.427+02:00  INFO 48261 --- [lets-play] [           main] org.mongodb.driver.client                : MongoClient with metadata {"driver": {"name": "mongo-java-driver|sync|spring-boot", "version": "5.5.1"}, "os": {"type": "Linux", "name": "Linux", "architecture": "amd64", "version": "6.14.0-33-generic"}, "platform": "Java/Ubuntu/21.0.8+9-Ubuntu-0ubuntu124.04.1"} created with settings MongoClientSettings{readPreference=primary, writeConcern=WriteConcern{w=null, wTimeout=null ms, journal=null}, retryWrites=true, retryReads=true, readConcern=ReadConcern{level=null}, credential=null, transportSettings=null, commandListeners=[], codecRegistry=ProvidersCodecRegistry{codecProviders=[ValueCodecProvider{}, BsonValueCodecProvider{}, DBRefCodecProvider{}, DBObjectCodecProvider{}, DocumentCodecProvider{}, CollectionCodecProvider{}, IterableCodecProvider{}, MapCodecProvider{}, GeoJsonCodecProvider{}, GridFSFileCodecProvider{}, Jsr310CodecProvider{}, JsonObjectCodecProvider{}, BsonCodecProvider{}, EnumCodecProvider{}, com.mongodb.client.model.mql.ExpressionCodecProvider@78a5c127, com.mongodb.Jep395RecordCodecProvider@102ee705, com.mongodb.KotlinCodecProvider@24c036b7]}, loggerSettings=LoggerSettings{maxDocumentLength=1000}, clusterSettings={hosts=[localhost:27017], srvServiceName=mongodb, mode=SINGLE, requiredClusterType=UNKNOWN, requiredReplicaSetName='null', serverSelector='null', clusterListeners='[]', serverSelectionTimeout='30000 ms', localThreshold='15 ms'}, socketSettings=SocketSettings{connectTimeoutMS=10000, readTimeoutMS=0, receiveBufferSize=0, proxySettings=ProxySettings{host=null, port=null, username=null, password=null}}, heartbeatSocketSettings=SocketSettings{connectTimeoutMS=10000, readTimeoutMS=10000, receiveBufferSize=0, proxySettings=ProxySettings{host=null, port=null, username=null, password=null}}, connectionPoolSettings=ConnectionPoolSettings{maxSize=100, minSize=0, maxWaitTimeMS=120000, maxConnectionLifeTimeMS=0, maxConnectionIdleTimeMS=0, maintenanceInitialDelayMS=0, maintenanceFrequencyMS=60000, connectionPoolListeners=[], maxConnecting=2}, serverSettings=ServerSettings{heartbeatFrequencyMS=10000, minHeartbeatFrequencyMS=500, serverMonitoringMode=AUTO, serverListeners='[]', serverMonitorListeners='[]'}, sslSettings=SslSettings{enabled=false, invalidHostNameAllowed=false, context=null}, applicationName='null', compressorList=[], uuidRepresentation=JAVA_LEGACY, serverApi=null, autoEncryptionSettings=null, dnsClient=null, inetAddressResolver=null, contextProvider=null, timeoutMS=null}
2025-10-20T11:11:31.432+02:00  INFO 48261 --- [lets-play] [localhost:27017] org.mongodb.driver.cluster               : Monitor thread successfully connected to server with description ServerDescription{address=localhost:27017, type=STANDALONE, cryptd=false, state=CONNECTED, ok=true, minWireVersion=0, maxWireVersion=21, maxDocumentSize=16777216, logicalSessionTimeoutMinutes=30, roundTripTimeNanos=6799578, minRoundTripTimeNanos=0}
2025-10-20T11:11:31.466+02:00 DEBUG 48261 --- [lets-play] [           main] c.e.lets_play.config.RateLimitingFilter  : Filter 'rateLimitingFilter' configured for use
2025-10-20T11:11:31.466+02:00 DEBUG 48261 --- [lets-play] [           main] c.e.lets_play.security.AuthTokenFilter   : Filter 'authenticationJwtTokenFilter' configured for use
2025-10-20T11:11:31.466+02:00 DEBUG 48261 --- [lets-play] [           main] c.e.l.config.HttpsEnforcerFilter         : Filter 'httpsEnforcerFilter' configured for use
2025-10-20T11:11:31.478+02:00  INFO 48261 --- [lets-play] [           main] r$InitializeUserDetailsManagerConfigurer : Global AuthenticationManager configured with UserDetailsService bean with name userDetailsServiceImpl
2025-10-20T11:11:31.585+02:00 DEBUG 48261 --- [lets-play] [           main] o.s.s.web.DefaultSecurityFilterChain     : Will secure any request with filters: DisableEncodeUrlFilter, WebAsyncManagerIntegrationFilter, SecurityContextHolderFilter, HeaderWriterFilter, CorsFilter, LogoutFilter, RateLimitingFilter, HttpsEnforcerFilter, AuthTokenFilter, RequestCacheAwareFilter, SecurityContextHolderAwareRequestFilter, AnonymousAuthenticationFilter, SessionManagementFilter, ExceptionTranslationFilter, AuthorizationFilter
2025-10-20T11:11:31.637+02:00  INFO 48261 --- [lets-play] [           main] o.s.b.w.embedded.tomcat.TomcatWebServer  : Tomcat started on port 44885 (http) with context path '/'
2025-10-20T11:11:31.640+02:00  INFO 48261 --- [lets-play] [           main] c.e.l.c.HttpsEnforcerIntegrationTest     : Started HttpsEnforcerIntegrationTest in 0.462 seconds (process running for 9.969)
2025-10-20T11:11:31.656+02:00  INFO 48261 --- [lets-play] [o-auto-2-exec-1] o.a.c.c.C.[Tomcat-1].[localhost].[/]     : Initializing Spring DispatcherServlet 'dispatcherServlet'
2025-10-20T11:11:31.656+02:00  INFO 48261 --- [lets-play] [o-auto-2-exec-1] o.s.web.servlet.DispatcherServlet        : Initializing Servlet 'dispatcherServlet'
2025-10-20T11:11:31.657+02:00  INFO 48261 --- [lets-play] [o-auto-2-exec-1] o.s.web.servlet.DispatcherServlet        : Completed initialization in 0 ms
2025-10-20T11:11:31.660+02:00 DEBUG 48261 --- [lets-play] [o-auto-2-exec-1] o.s.security.web.FilterChainProxy        : Securing GET /api/auth/ping
[INFO] Tests run: 1, Failures: 0, Errors: 0, Skipped: 0, Time elapsed: 0.500 s -- in com.example.lets_play.config.HttpsEnforcerIntegrationTest
[INFO] Running com.example.lets_play.config.RateLimitingFilterTest
2025-10-20T11:11:31.678+02:00  INFO 48261 --- [lets-play] [           main] .b.t.c.SpringBootTestContextBootstrapper : Found @SpringBootConfiguration com.example.lets_play.LetsPlayApplication for test class com.example.lets_play.config.RateLimitingFilterTest
2025-10-20T11:11:31.681+02:00  INFO 48261 --- [lets-play] [           main] o.s.b.d.r.RestartApplicationListener     : Restart disabled due to context in which it is running

  .   ____          _            __ _ _
 /\\ / ___'_ __ _ _(_)_ __  __ _ \ \ \ \
( ( )\___ | '_ | '_| | '_ \/ _` | \ \ \ \
 \\/  ___)| |_)| | | | | || (_| |  ) ) ) )
  '  |____| .__|_| |_|_| |_\__, | / / / /
 =========|_|==============|___/=/_/_/_/

 :: Spring Boot ::                (v3.5.6)

2025-10-20T11:11:31.694+02:00  INFO 48261 --- [lets-play] [           main] c.e.l.config.RateLimitingFilterTest      : Starting RateLimitingFilterTest using Java 21.0.8 with PID 48261 (started by zone01student in /home/zone01student/dev/Java/lets-play)
2025-10-20T11:11:31.694+02:00 DEBUG 48261 --- [lets-play] [           main] c.e.l.config.RateLimitingFilterTest      : Running with Spring Boot v3.5.6, Spring v6.2.11
2025-10-20T11:11:31.694+02:00  INFO 48261 --- [lets-play] [           main] c.e.l.config.RateLimitingFilterTest      : No active profile set, falling back to 1 default profile: "default"
2025-10-20T11:11:31.826+02:00  INFO 48261 --- [lets-play] [           main] .s.d.r.c.RepositoryConfigurationDelegate : Bootstrapping Spring Data MongoDB repositories in DEFAULT mode.
2025-10-20T11:11:31.834+02:00  INFO 48261 --- [lets-play] [           main] .s.d.r.c.RepositoryConfigurationDelegate : Finished Spring Data repository scanning in 6 ms. Found 2 MongoDB repository interfaces.
2025-10-20T11:11:31.893+02:00  INFO 48261 --- [lets-play] [           main] org.mongodb.driver.client                : MongoClient with metadata {"driver": {"name": "mongo-java-driver|sync|spring-boot", "version": "5.5.1"}, "os": {"type": "Linux", "name": "Linux", "architecture": "amd64", "version": "6.14.0-33-generic"}, "platform": "Java/Ubuntu/21.0.8+9-Ubuntu-0ubuntu124.04.1"} created with settings MongoClientSettings{readPreference=primary, writeConcern=WriteConcern{w=null, wTimeout=null ms, journal=null}, retryWrites=true, retryReads=true, readConcern=ReadConcern{level=null}, credential=null, transportSettings=null, commandListeners=[], codecRegistry=ProvidersCodecRegistry{codecProviders=[ValueCodecProvider{}, BsonValueCodecProvider{}, DBRefCodecProvider{}, DBObjectCodecProvider{}, DocumentCodecProvider{}, CollectionCodecProvider{}, IterableCodecProvider{}, MapCodecProvider{}, GeoJsonCodecProvider{}, GridFSFileCodecProvider{}, Jsr310CodecProvider{}, JsonObjectCodecProvider{}, BsonCodecProvider{}, EnumCodecProvider{}, com.mongodb.client.model.mql.ExpressionCodecProvider@78a5c127, com.mongodb.Jep395RecordCodecProvider@102ee705, com.mongodb.KotlinCodecProvider@24c036b7]}, loggerSettings=LoggerSettings{maxDocumentLength=1000}, clusterSettings={hosts=[localhost:27017], srvServiceName=mongodb, mode=SINGLE, requiredClusterType=UNKNOWN, requiredReplicaSetName='null', serverSelector='null', clusterListeners='[]', serverSelectionTimeout='30000 ms', localThreshold='15 ms'}, socketSettings=SocketSettings{connectTimeoutMS=10000, readTimeoutMS=0, receiveBufferSize=0, proxySettings=ProxySettings{host=null, port=null, username=null, password=null}}, heartbeatSocketSettings=SocketSettings{connectTimeoutMS=10000, readTimeoutMS=10000, receiveBufferSize=0, proxySettings=ProxySettings{host=null, port=null, username=null, password=null}}, connectionPoolSettings=ConnectionPoolSettings{maxSize=100, minSize=0, maxWaitTimeMS=120000, maxConnectionLifeTimeMS=0, maxConnectionIdleTimeMS=0, maintenanceInitialDelayMS=0, maintenanceFrequencyMS=60000, connectionPoolListeners=[], maxConnecting=2}, serverSettings=ServerSettings{heartbeatFrequencyMS=10000, minHeartbeatFrequencyMS=500, serverMonitoringMode=AUTO, serverListeners='[]', serverMonitorListeners='[]'}, sslSettings=SslSettings{enabled=false, invalidHostNameAllowed=false, context=null}, applicationName='null', compressorList=[], uuidRepresentation=JAVA_LEGACY, serverApi=null, autoEncryptionSettings=null, dnsClient=null, inetAddressResolver=null, contextProvider=null, timeoutMS=null}
2025-10-20T11:11:31.894+02:00  INFO 48261 --- [lets-play] [localhost:27017] org.mongodb.driver.cluster               : Monitor thread successfully connected to server with description ServerDescription{address=localhost:27017, type=STANDALONE, cryptd=false, state=CONNECTED, ok=true, minWireVersion=0, maxWireVersion=21, maxDocumentSize=16777216, logicalSessionTimeoutMinutes=30, roundTripTimeNanos=1262073, minRoundTripTimeNanos=0}
2025-10-20T11:11:31.963+02:00  INFO 48261 --- [lets-play] [           main] r$InitializeUserDetailsManagerConfigurer : Global AuthenticationManager configured with UserDetailsService bean with name userDetailsServiceImpl
2025-10-20T11:11:32.091+02:00 DEBUG 48261 --- [lets-play] [           main] o.s.s.web.DefaultSecurityFilterChain     : Will secure any request with filters: DisableEncodeUrlFilter, WebAsyncManagerIntegrationFilter, SecurityContextHolderFilter, HeaderWriterFilter, CorsFilter, LogoutFilter, RateLimitingFilter, HttpsEnforcerFilter, AuthTokenFilter, RequestCacheAwareFilter, SecurityContextHolderAwareRequestFilter, AnonymousAuthenticationFilter, SessionManagementFilter, ExceptionTranslationFilter, AuthorizationFilter
2025-10-20T11:11:32.173+02:00 DEBUG 48261 --- [lets-play] [           main] c.e.lets_play.config.RateLimitingFilter  : Filter 'rateLimitingFilter' configured for use
2025-10-20T11:11:32.173+02:00 DEBUG 48261 --- [lets-play] [           main] c.e.l.config.HttpsEnforcerFilter         : Filter 'httpsEnforcerFilter' configured for use
2025-10-20T11:11:32.173+02:00 DEBUG 48261 --- [lets-play] [           main] c.e.lets_play.security.AuthTokenFilter   : Filter 'authenticationJwtTokenFilter' configured for use
2025-10-20T11:11:32.173+02:00  INFO 48261 --- [lets-play] [           main] o.s.b.t.m.w.SpringBootMockServletContext : Initializing Spring TestDispatcherServlet ''
2025-10-20T11:11:32.173+02:00  INFO 48261 --- [lets-play] [           main] o.s.t.web.servlet.TestDispatcherServlet  : Initializing Servlet ''
2025-10-20T11:11:32.173+02:00  INFO 48261 --- [lets-play] [           main] o.s.t.web.servlet.TestDispatcherServlet  : Completed initialization in 0 ms
2025-10-20T11:11:32.181+02:00  INFO 48261 --- [lets-play] [           main] c.e.l.config.RateLimitingFilterTest      : Started RateLimitingFilterTest in 0.5 seconds (process running for 10.509)
2025-10-20T11:11:32.195+02:00 DEBUG 48261 --- [lets-play] [           main] o.s.security.web.FilterChainProxy        : Securing GET /api/auth/test-ping
2025-10-20T11:11:32.196+02:00 DEBUG 48261 --- [lets-play] [           main] o.s.s.w.a.AnonymousAuthenticationFilter  : Set SecurityContextHolder to anonymous SecurityContext
2025-10-20T11:11:32.198+02:00 DEBUG 48261 --- [lets-play] [           main] o.s.security.web.FilterChainProxy        : Secured GET /api/auth/test-ping
2025-10-20T11:11:32.208+02:00 DEBUG 48261 --- [lets-play] [           main] o.s.security.web.FilterChainProxy        : Securing GET /api/auth/test-ping
2025-10-20T11:11:32.208+02:00 DEBUG 48261 --- [lets-play] [           main] o.s.s.w.a.AnonymousAuthenticationFilter  : Set SecurityContextHolder to anonymous SecurityContext
2025-10-20T11:11:32.208+02:00 DEBUG 48261 --- [lets-play] [           main] o.s.security.web.FilterChainProxy        : Secured GET /api/auth/test-ping
2025-10-20T11:11:32.210+02:00 DEBUG 48261 --- [lets-play] [           main] o.s.security.web.FilterChainProxy        : Securing GET /api/auth/test-ping
[INFO] Tests run: 1, Failures: 0, Errors: 0, Skipped: 0, Time elapsed: 0.551 s -- in com.example.lets_play.config.RateLimitingFilterTest
[INFO] Running com.example.lets_play.config.HttpsEnforcerFilterTest
2025-10-20T11:11:32.227+02:00  INFO 48261 --- [lets-play] [           main] t.c.s.AnnotationConfigContextLoaderUtils : Could not detect default configuration classes for test class [com.example.lets_play.config.HttpsEnforcerFilterTest]: HttpsEnforcerFilterTest does not declare any static, non-private, non-final, nested classes annotated with @Configuration.
2025-10-20T11:11:32.230+02:00  INFO 48261 --- [lets-play] [           main] .b.t.c.SpringBootTestContextBootstrapper : Found @SpringBootConfiguration com.example.lets_play.LetsPlayApplication for test class com.example.lets_play.config.HttpsEnforcerFilterTest
2025-10-20T11:11:32.235+02:00  INFO 48261 --- [lets-play] [           main] o.s.b.d.r.RestartApplicationListener     : Restart disabled due to context in which it is running

  .   ____          _            __ _ _
 /\\ / ___'_ __ _ _(_)_ __  __ _ \ \ \ \
( ( )\___ | '_ | '_| | '_ \/ _` | \ \ \ \
 \\/  ___)| |_)| | | | | || (_| |  ) ) ) )
  '  |____| .__|_| |_|_| |_\__, | / / / /
 =========|_|==============|___/=/_/_/_/

 :: Spring Boot ::                (v3.5.6)

2025-10-20T11:11:32.261+02:00  INFO 48261 --- [lets-play] [           main] c.e.l.config.HttpsEnforcerFilterTest     : Starting HttpsEnforcerFilterTest using Java 21.0.8 with PID 48261 (started by zone01student in /home/zone01student/dev/Java/lets-play)
2025-10-20T11:11:32.261+02:00 DEBUG 48261 --- [lets-play] [           main] c.e.l.config.HttpsEnforcerFilterTest     : Running with Spring Boot v3.5.6, Spring v6.2.11
2025-10-20T11:11:32.261+02:00  INFO 48261 --- [lets-play] [           main] c.e.l.config.HttpsEnforcerFilterTest     : No active profile set, falling back to 1 default profile: "default"
2025-10-20T11:11:32.438+02:00  INFO 48261 --- [lets-play] [           main] .s.d.r.c.RepositoryConfigurationDelegate : Bootstrapping Spring Data MongoDB repositories in DEFAULT mode.
2025-10-20T11:11:32.447+02:00  INFO 48261 --- [lets-play] [           main] .s.d.r.c.RepositoryConfigurationDelegate : Finished Spring Data repository scanning in 8 ms. Found 2 MongoDB repository interfaces.
2025-10-20T11:11:32.517+02:00  INFO 48261 --- [lets-play] [           main] org.mongodb.driver.client                : MongoClient with metadata {"driver": {"name": "mongo-java-driver|sync|spring-boot", "version": "5.5.1"}, "os": {"type": "Linux", "name": "Linux", "architecture": "amd64", "version": "6.14.0-33-generic"}, "platform": "Java/Ubuntu/21.0.8+9-Ubuntu-0ubuntu124.04.1"} created with settings MongoClientSettings{readPreference=primary, writeConcern=WriteConcern{w=null, wTimeout=null ms, journal=null}, retryWrites=true, retryReads=true, readConcern=ReadConcern{level=null}, credential=null, transportSettings=null, commandListeners=[], codecRegistry=ProvidersCodecRegistry{codecProviders=[ValueCodecProvider{}, BsonValueCodecProvider{}, DBRefCodecProvider{}, DBObjectCodecProvider{}, DocumentCodecProvider{}, CollectionCodecProvider{}, IterableCodecProvider{}, MapCodecProvider{}, GeoJsonCodecProvider{}, GridFSFileCodecProvider{}, Jsr310CodecProvider{}, JsonObjectCodecProvider{}, BsonCodecProvider{}, EnumCodecProvider{}, com.mongodb.client.model.mql.ExpressionCodecProvider@78a5c127, com.mongodb.Jep395RecordCodecProvider@102ee705, com.mongodb.KotlinCodecProvider@24c036b7]}, loggerSettings=LoggerSettings{maxDocumentLength=1000}, clusterSettings={hosts=[localhost:27017], srvServiceName=mongodb, mode=SINGLE, requiredClusterType=UNKNOWN, requiredReplicaSetName='null', serverSelector='null', clusterListeners='[]', serverSelectionTimeout='30000 ms', localThreshold='15 ms'}, socketSettings=SocketSettings{connectTimeoutMS=10000, readTimeoutMS=0, receiveBufferSize=0, proxySettings=ProxySettings{host=null, port=null, username=null, password=null}}, heartbeatSocketSettings=SocketSettings{connectTimeoutMS=10000, readTimeoutMS=10000, receiveBufferSize=0, proxySettings=ProxySettings{host=null, port=null, username=null, password=null}}, connectionPoolSettings=ConnectionPoolSettings{maxSize=100, minSize=0, maxWaitTimeMS=120000, maxConnectionLifeTimeMS=0, maxConnectionIdleTimeMS=0, maintenanceInitialDelayMS=0, maintenanceFrequencyMS=60000, connectionPoolListeners=[], maxConnecting=2}, serverSettings=ServerSettings{heartbeatFrequencyMS=10000, minHeartbeatFrequencyMS=500, serverMonitoringMode=AUTO, serverListeners='[]', serverMonitorListeners='[]'}, sslSettings=SslSettings{enabled=false, invalidHostNameAllowed=false, context=null}, applicationName='null', compressorList=[], uuidRepresentation=JAVA_LEGACY, serverApi=null, autoEncryptionSettings=null, dnsClient=null, inetAddressResolver=null, contextProvider=null, timeoutMS=null}
2025-10-20T11:11:32.520+02:00  INFO 48261 --- [lets-play] [localhost:27017] org.mongodb.driver.cluster               : Monitor thread successfully connected to server with description ServerDescription{address=localhost:27017, type=STANDALONE, cryptd=false, state=CONNECTED, ok=true, minWireVersion=0, maxWireVersion=21, maxDocumentSize=16777216, logicalSessionTimeoutMinutes=30, roundTripTimeNanos=2199374, minRoundTripTimeNanos=0}
2025-10-20T11:11:32.572+02:00  INFO 48261 --- [lets-play] [           main] r$InitializeUserDetailsManagerConfigurer : Global AuthenticationManager configured with UserDetailsService bean with name userDetailsServiceImpl
2025-10-20T11:11:32.688+02:00 DEBUG 48261 --- [lets-play] [           main] o.s.s.web.DefaultSecurityFilterChain     : Will secure any request with filters: DisableEncodeUrlFilter, WebAsyncManagerIntegrationFilter, SecurityContextHolderFilter, HeaderWriterFilter, CorsFilter, LogoutFilter, RateLimitingFilter, HttpsEnforcerFilter, AuthTokenFilter, RequestCacheAwareFilter, SecurityContextHolderAwareRequestFilter, AnonymousAuthenticationFilter, SessionManagementFilter, ExceptionTranslationFilter, AuthorizationFilter
2025-10-20T11:11:32.741+02:00 DEBUG 48261 --- [lets-play] [           main] c.e.lets_play.config.RateLimitingFilter  : Filter 'rateLimitingFilter' configured for use
2025-10-20T11:11:32.741+02:00 DEBUG 48261 --- [lets-play] [           main] c.e.l.config.HttpsEnforcerFilter         : Filter 'httpsEnforcerFilter' configured for use
2025-10-20T11:11:32.741+02:00 DEBUG 48261 --- [lets-play] [           main] c.e.lets_play.security.AuthTokenFilter   : Filter 'authenticationJwtTokenFilter' configured for use
2025-10-20T11:11:32.741+02:00  INFO 48261 --- [lets-play] [           main] o.s.b.t.m.w.SpringBootMockServletContext : Initializing Spring TestDispatcherServlet ''
2025-10-20T11:11:32.741+02:00  INFO 48261 --- [lets-play] [           main] o.s.t.web.servlet.TestDispatcherServlet  : Initializing Servlet ''
2025-10-20T11:11:32.742+02:00  INFO 48261 --- [lets-play] [           main] o.s.t.web.servlet.TestDispatcherServlet  : Completed initialization in 1 ms
2025-10-20T11:11:32.746+02:00  INFO 48261 --- [lets-play] [           main] c.e.l.config.HttpsEnforcerFilterTest     : Started HttpsEnforcerFilterTest in 0.512 seconds (process running for 11.074)
2025-10-20T11:11:32.755+02:00 DEBUG 48261 --- [lets-play] [           main] o.s.security.web.FilterChainProxy        : Securing GET /api/auth/ping
[INFO] Tests run: 1, Failures: 0, Errors: 0, Skipped: 0, Time elapsed: 0.532 s -- in com.example.lets_play.config.HttpsEnforcerFilterTest
[INFO] Running com.example.lets_play.controller.AuthControllerTest
[INFO] Tests run: 1, Failures: 0, Errors: 0, Skipped: 0, Time elapsed: 0.630 s -- in com.example.lets_play.controller.AuthControllerTest
[INFO] Running com.example.lets_play.security.JwtUtilsEnvTest
2025-10-20T11:11:33.406+02:00  INFO 48261 --- [lets-play] [           main] t.c.s.AnnotationConfigContextLoaderUtils : Could not detect default configuration classes for test class [com.example.lets_play.security.JwtUtilsEnvTest]: JwtUtilsEnvTest does not declare any static, non-private, non-final, nested classes annotated with @Configuration.
2025-10-20T11:11:33.440+02:00  INFO 48261 --- [lets-play] [           main] .b.t.c.SpringBootTestContextBootstrapper : Found @SpringBootConfiguration com.example.lets_play.LetsPlayApplication for test class com.example.lets_play.security.JwtUtilsEnvTest
2025-10-20T11:11:33.448+02:00  INFO 48261 --- [lets-play] [           main] o.s.b.d.r.RestartApplicationListener     : Restart disabled due to context in which it is running

  .   ____          _            __ _ _
 /\\ / ___'_ __ _ _(_)_ __  __ _ \ \ \ \
( ( )\___ | '_ | '_| | '_ \/ _` | \ \ \ \
 \\/  ___)| |_)| | | | | || (_| |  ) ) ) )
  '  |____| .__|_| |_|_| |_\__, | / / / /
 =========|_|==============|___/=/_/_/_/

 :: Spring Boot ::                (v3.5.6)

2025-10-20T11:11:33.530+02:00  INFO 48261 --- [lets-play] [           main] c.e.lets_play.security.JwtUtilsEnvTest   : Starting JwtUtilsEnvTest using Java 21.0.8 with PID 48261 (started by zone01student in /home/zone01student/dev/Java/lets-play)
2025-10-20T11:11:33.530+02:00 DEBUG 48261 --- [lets-play] [           main] c.e.lets_play.security.JwtUtilsEnvTest   : Running with Spring Boot v3.5.6, Spring v6.2.11
2025-10-20T11:11:33.531+02:00  INFO 48261 --- [lets-play] [           main] c.e.lets_play.security.JwtUtilsEnvTest   : No active profile set, falling back to 1 default profile: "default"
2025-10-20T11:11:33.856+02:00  INFO 48261 --- [lets-play] [           main] .s.d.r.c.RepositoryConfigurationDelegate : Bootstrapping Spring Data MongoDB repositories in DEFAULT mode.
2025-10-20T11:11:33.876+02:00  INFO 48261 --- [lets-play] [           main] .s.d.r.c.RepositoryConfigurationDelegate : Finished Spring Data repository scanning in 18 ms. Found 2 MongoDB repository interfaces.
2025-10-20T11:11:34.050+02:00  INFO 48261 --- [lets-play] [           main] org.mongodb.driver.client                : MongoClient with metadata {"driver": {"name": "mongo-java-driver|sync|spring-boot", "version": "5.5.1"}, "os": {"type": "Linux", "name": "Linux", "architecture": "amd64", "version": "6.14.0-33-generic"}, "platform": "Java/Ubuntu/21.0.8+9-Ubuntu-0ubuntu124.04.1"} created with settings MongoClientSettings{readPreference=primary, writeConcern=WriteConcern{w=null, wTimeout=null ms, journal=null}, retryWrites=true, retryReads=true, readConcern=ReadConcern{level=null}, credential=null, transportSettings=null, commandListeners=[], codecRegistry=ProvidersCodecRegistry{codecProviders=[ValueCodecProvider{}, BsonValueCodecProvider{}, DBRefCodecProvider{}, DBObjectCodecProvider{}, DocumentCodecProvider{}, CollectionCodecProvider{}, IterableCodecProvider{}, MapCodecProvider{}, GeoJsonCodecProvider{}, GridFSFileCodecProvider{}, Jsr310CodecProvider{}, JsonObjectCodecProvider{}, BsonCodecProvider{}, EnumCodecProvider{}, com.mongodb.client.model.mql.ExpressionCodecProvider@78a5c127, com.mongodb.Jep395RecordCodecProvider@102ee705, com.mongodb.KotlinCodecProvider@24c036b7]}, loggerSettings=LoggerSettings{maxDocumentLength=1000}, clusterSettings={hosts=[localhost:27017], srvServiceName=mongodb, mode=SINGLE, requiredClusterType=UNKNOWN, requiredReplicaSetName='null', serverSelector='null', clusterListeners='[]', serverSelectionTimeout='30000 ms', localThreshold='15 ms'}, socketSettings=SocketSettings{connectTimeoutMS=10000, readTimeoutMS=0, receiveBufferSize=0, proxySettings=ProxySettings{host=null, port=null, username=null, password=null}}, heartbeatSocketSettings=SocketSettings{connectTimeoutMS=10000, readTimeoutMS=10000, receiveBufferSize=0, proxySettings=ProxySettings{host=null, port=null, username=null, password=null}}, connectionPoolSettings=ConnectionPoolSettings{maxSize=100, minSize=0, maxWaitTimeMS=120000, maxConnectionLifeTimeMS=0, maxConnectionIdleTimeMS=0, maintenanceInitialDelayMS=0, maintenanceFrequencyMS=60000, connectionPoolListeners=[], maxConnecting=2}, serverSettings=ServerSettings{heartbeatFrequencyMS=10000, minHeartbeatFrequencyMS=500, serverMonitoringMode=AUTO, serverListeners='[]', serverMonitorListeners='[]'}, sslSettings=SslSettings{enabled=false, invalidHostNameAllowed=false, context=null}, applicationName='null', compressorList=[], uuidRepresentation=JAVA_LEGACY, serverApi=null, autoEncryptionSettings=null, dnsClient=null, inetAddressResolver=null, contextProvider=null, timeoutMS=null}
2025-10-20T11:11:34.051+02:00  INFO 48261 --- [lets-play] [localhost:27017] org.mongodb.driver.cluster               : Monitor thread successfully connected to server with description ServerDescription{address=localhost:27017, type=STANDALONE, cryptd=false, state=CONNECTED, ok=true, minWireVersion=0, maxWireVersion=21, maxDocumentSize=16777216, logicalSessionTimeoutMinutes=30, roundTripTimeNanos=3739090, minRoundTripTimeNanos=0}
2025-10-20T11:11:34.204+02:00  INFO 48261 --- [lets-play] [           main] r$InitializeUserDetailsManagerConfigurer : Global AuthenticationManager configured with UserDetailsService bean with name userDetailsServiceImpl
2025-10-20T11:11:34.381+02:00 DEBUG 48261 --- [lets-play] [           main] o.s.s.web.DefaultSecurityFilterChain     : Will secure any request with filters: DisableEncodeUrlFilter, WebAsyncManagerIntegrationFilter, SecurityContextHolderFilter, HeaderWriterFilter, CorsFilter, LogoutFilter, RateLimitingFilter, HttpsEnforcerFilter, AuthTokenFilter, RequestCacheAwareFilter, SecurityContextHolderAwareRequestFilter, AnonymousAuthenticationFilter, SessionManagementFilter, ExceptionTranslationFilter, AuthorizationFilter
2025-10-20T11:11:34.538+02:00  INFO 48261 --- [lets-play] [           main] c.e.lets_play.security.JwtUtilsEnvTest   : Started JwtUtilsEnvTest in 1.089 seconds (process running for 12.866)
[INFO] Tests run: 1, Failures: 0, Errors: 0, Skipped: 0, Time elapsed: 1.173 s -- in com.example.lets_play.security.JwtUtilsEnvTest
[INFO] Running com.example.lets_play.LetsPlayApplicationTests
2025-10-20T11:11:34.581+02:00  INFO 48261 --- [lets-play] [           main] t.c.s.AnnotationConfigContextLoaderUtils : Could not detect default configuration classes for test class [com.example.lets_play.LetsPlayApplicationTests]: LetsPlayApplicationTests does not declare any static, non-private, non-final, nested classes annotated with @Configuration.
2025-10-20T11:11:34.583+02:00  INFO 48261 --- [lets-play] [           main] .b.t.c.SpringBootTestContextBootstrapper : Found @SpringBootConfiguration com.example.lets_play.LetsPlayApplication for test class com.example.lets_play.LetsPlayApplicationTests
2025-10-20T11:11:34.587+02:00  INFO 48261 --- [lets-play] [           main] o.s.b.d.r.RestartApplicationListener     : Restart disabled due to context in which it is running

  .   ____          _            __ _ _
 /\\ / ___'_ __ _ _(_)_ __  __ _ \ \ \ \
( ( )\___ | '_ | '_| | '_ \/ _` | \ \ \ \
 \\/  ___)| |_)| | | | | || (_| |  ) ) ) )
  '  |____| .__|_| |_|_| |_\__, | / / / /
 =========|_|==============|___/=/_/_/_/

 :: Spring Boot ::                (v3.5.6)

2025-10-20T11:11:34.631+02:00  INFO 48261 --- [lets-play] [           main] c.e.lets_play.LetsPlayApplicationTests   : Starting LetsPlayApplicationTests using Java 21.0.8 with PID 48261 (started by zone01student in /home/zone01student/dev/Java/lets-play)
2025-10-20T11:11:34.632+02:00 DEBUG 48261 --- [lets-play] [           main] c.e.lets_play.LetsPlayApplicationTests   : Running with Spring Boot v3.5.6, Spring v6.2.11
2025-10-20T11:11:34.632+02:00  INFO 48261 --- [lets-play] [           main] c.e.lets_play.LetsPlayApplicationTests   : No active profile set, falling back to 1 default profile: "default"
2025-10-20T11:11:34.828+02:00  INFO 48261 --- [lets-play] [           main] .s.d.r.c.RepositoryConfigurationDelegate : Bootstrapping Spring Data MongoDB repositories in DEFAULT mode.
2025-10-20T11:11:34.836+02:00  INFO 48261 --- [lets-play] [           main] .s.d.r.c.RepositoryConfigurationDelegate : Finished Spring Data repository scanning in 6 ms. Found 2 MongoDB repository interfaces.
2025-10-20T11:11:34.955+02:00  INFO 48261 --- [lets-play] [           main] org.mongodb.driver.client                : MongoClient with metadata {"driver": {"name": "mongo-java-driver|sync|spring-boot", "version": "5.5.1"}, "os": {"type": "Linux", "name": "Linux", "architecture": "amd64", "version": "6.14.0-33-generic"}, "platform": "Java/Ubuntu/21.0.8+9-Ubuntu-0ubuntu124.04.1"} created with settings MongoClientSettings{readPreference=primary, writeConcern=WriteConcern{w=null, wTimeout=null ms, journal=null}, retryWrites=true, retryReads=true, readConcern=ReadConcern{level=null}, credential=null, transportSettings=null, commandListeners=[], codecRegistry=ProvidersCodecRegistry{codecProviders=[ValueCodecProvider{}, BsonValueCodecProvider{}, DBRefCodecProvider{}, DBObjectCodecProvider{}, DocumentCodecProvider{}, CollectionCodecProvider{}, IterableCodecProvider{}, MapCodecProvider{}, GeoJsonCodecProvider{}, GridFSFileCodecProvider{}, Jsr310CodecProvider{}, JsonObjectCodecProvider{}, BsonCodecProvider{}, EnumCodecProvider{}, com.mongodb.client.model.mql.ExpressionCodecProvider@78a5c127, com.mongodb.Jep395RecordCodecProvider@102ee705, com.mongodb.KotlinCodecProvider@24c036b7]}, loggerSettings=LoggerSettings{maxDocumentLength=1000}, clusterSettings={hosts=[localhost:27017], srvServiceName=mongodb, mode=SINGLE, requiredClusterType=UNKNOWN, requiredReplicaSetName='null', serverSelector='null', clusterListeners='[]', serverSelectionTimeout='30000 ms', localThreshold='15 ms'}, socketSettings=SocketSettings{connectTimeoutMS=10000, readTimeoutMS=0, receiveBufferSize=0, proxySettings=ProxySettings{host=null, port=null, username=null, password=null}}, heartbeatSocketSettings=SocketSettings{connectTimeoutMS=10000, readTimeoutMS=10000, receiveBufferSize=0, proxySettings=ProxySettings{host=null, port=null, username=null, password=null}}, connectionPoolSettings=ConnectionPoolSettings{maxSize=100, minSize=0, maxWaitTimeMS=120000, maxConnectionLifeTimeMS=0, maxConnectionIdleTimeMS=0, maintenanceInitialDelayMS=0, maintenanceFrequencyMS=60000, connectionPoolListeners=[], maxConnecting=2}, serverSettings=ServerSettings{heartbeatFrequencyMS=10000, minHeartbeatFrequencyMS=500, serverMonitoringMode=AUTO, serverListeners='[]', serverMonitorListeners='[]'}, sslSettings=SslSettings{enabled=false, invalidHostNameAllowed=false, context=null}, applicationName='null', compressorList=[], uuidRepresentation=JAVA_LEGACY, serverApi=null, autoEncryptionSettings=null, dnsClient=null, inetAddressResolver=null, contextProvider=null, timeoutMS=null}
2025-10-20T11:11:34.956+02:00  INFO 48261 --- [lets-play] [localhost:27017] org.mongodb.driver.cluster               : Monitor thread successfully connected to server with description ServerDescription{address=localhost:27017, type=STANDALONE, cryptd=false, state=CONNECTED, ok=true, minWireVersion=0, maxWireVersion=21, maxDocumentSize=16777216, logicalSessionTimeoutMinutes=30, roundTripTimeNanos=1928515, minRoundTripTimeNanos=0}
2025-10-20T11:11:35.009+02:00  INFO 48261 --- [lets-play] [           main] r$InitializeUserDetailsManagerConfigurer : Global AuthenticationManager configured with UserDetailsService bean with name userDetailsServiceImpl
2025-10-20T11:11:35.218+02:00 DEBUG 48261 --- [lets-play] [           main] o.s.s.web.DefaultSecurityFilterChain     : Will secure any request with filters: DisableEncodeUrlFilter, WebAsyncManagerIntegrationFilter, SecurityContextHolderFilter, HeaderWriterFilter, CorsFilter, LogoutFilter, RateLimitingFilter, HttpsEnforcerFilter, AuthTokenFilter, RequestCacheAwareFilter, SecurityContextHolderAwareRequestFilter, AnonymousAuthenticationFilter, SessionManagementFilter, ExceptionTranslationFilter, AuthorizationFilter
2025-10-20T11:11:35.396+02:00  INFO 48261 --- [lets-play] [           main] c.e.lets_play.LetsPlayApplicationTests   : Started LetsPlayApplicationTests in 0.809 seconds (process running for 13.724)
[INFO] Tests run: 1, Failures: 0, Errors: 0, Skipped: 0, Time elapsed: 0.847 s -- in com.example.lets_play.LetsPlayApplicationTests
[INFO] 
[INFO] Results:
[INFO] 
[INFO] Tests run: 8, Failures: 0, Errors: 0, Skipped: 0
[INFO] 
[INFO] 
[INFO] --- jar:3.4.2:jar (default-jar) @ lets-play ---
[INFO] 
[INFO] --- spring-boot:3.5.6:repackage (repackage) @ lets-play ---
[INFO] Replacing main artifact /home/zone01student/dev/Java/lets-play/target/lets-play-0.0.1-SNAPSHOT.jar with repackaged archive, adding nested dependencies in BOOT-INF/.
[INFO] The original artifact has been renamed to /home/zone01student/dev/Java/lets-play/target/lets-play-0.0.1-SNAPSHOT.jar.original
[INFO] 
[INFO] --- jacoco:0.8.10:report (report) @ lets-play ---
[INFO] Loading execution data file /home/zone01student/dev/Java/lets-play/target/jacoco.exec
[INFO] Analyzed bundle 'lets-play' with 25 classes
[INFO] 
[INFO] >>> pmd:3.20.0:check (default) > :pmd @ lets-play >>>
[INFO] 
[INFO] --- pmd:3.20.0:pmd (pmd) @ lets-play ---
[INFO] Skipping PMD execution
[INFO] 
[INFO] <<< pmd:3.20.0:check (default) < :pmd @ lets-play <<<
[INFO] 
[INFO] 
[INFO] --- pmd:3.20.0:check (default) @ lets-play ---
[INFO] Skipping PMD execution
[INFO] 
[INFO] --- pmd:3.20.0:pmd (default) @ lets-play ---
[INFO] Skipping PMD execution
[INFO] 
[INFO] --- checkstyle:3.2.2:check (default) @ lets-play ---
[INFO] You have 0 Checkstyle violations.
[INFO] 
[INFO] --- checkstyle:3.2.2:checkstyle (default) @ lets-play ---
[INFO] Rendering content with org.apache.maven.skins:maven-default-skin:jar:1.3 skin.
[INFO] ------------------------------------------------------------------------
[INFO] BUILD SUCCESS
[INFO] ------------------------------------------------------------------------
[INFO] Total time:  19.432 s
[INFO] Finished at: 2025-10-20T11:11:38+02:00
[INFO] ------------------------------------------------------------------------
