[INFO] Scanning for projects...
[INFO] 
[INFO] -----------------------< com.example:lets-play >------------------------
[INFO] Building lets-play 0.0.1-SNAPSHOT
[INFO]   from pom.xml
[INFO] --------------------------------[ jar ]---------------------------------
[INFO] 
[INFO] --- jacoco:0.8.10:prepare-agent (prepare-agent) @ lets-play ---
[INFO] argLine set to -javaagent:/home/zone01student/.m2/repository/org/jacoco/org.jacoco.agent/0.8.10/org.jacoco.agent-0.8.10-runtime.jar=destfile=/home/zone01student/dev/Java/lets-play/target/jacoco.exec
[INFO] 
[INFO] >>> jxr:3.1.1:jxr (generate-xref) > generate-sources @ lets-play >>>
[INFO] 
[INFO] --- jacoco:0.8.10:prepare-agent (prepare-agent) @ lets-play ---
[INFO] argLine set to -javaagent:/home/zone01student/.m2/repository/org/jacoco/org.jacoco.agent/0.8.10/org.jacoco.agent-0.8.10-runtime.jar=destfile=/home/zone01student/dev/Java/lets-play/target/jacoco.exec
[INFO] 
[INFO] <<< jxr:3.1.1:jxr (generate-xref) < generate-sources @ lets-play <<<
[INFO] 
[INFO] 
[INFO] --- jxr:3.1.1:jxr (generate-xref) @ lets-play ---
[INFO] 
[INFO] --- resources:3.3.1:resources (default-resources) @ lets-play ---
[INFO] Copying 1 resource from src/main/resources to target/classes
[INFO] Copying 1 resource from src/main/resources to target/classes
[INFO] 
[INFO] --- compiler:3.14.0:compile (default-compile) @ lets-play ---
[INFO] Nothing to compile - all classes are up to date.
[INFO] 
[INFO] >>> jxr:3.1.1:test-jxr (generate-test-xref) > generate-test-sources @ lets-play >>>
[INFO] 
[INFO] --- jacoco:0.8.10:prepare-agent (prepare-agent) @ lets-play ---
[INFO] argLine set to -javaagent:/home/zone01student/.m2/repository/org/jacoco/org.jacoco.agent/0.8.10/org.jacoco.agent-0.8.10-runtime.jar=destfile=/home/zone01student/dev/Java/lets-play/target/jacoco.exec
[INFO] 
[INFO] >>> jxr:3.1.1:jxr (generate-xref) > generate-sources @ lets-play >>>
[INFO] 
[INFO] --- jacoco:0.8.10:prepare-agent (prepare-agent) @ lets-play ---
[INFO] argLine set to -javaagent:/home/zone01student/.m2/repository/org/jacoco/org.jacoco.agent/0.8.10/org.jacoco.agent-0.8.10-runtime.jar=destfile=/home/zone01student/dev/Java/lets-play/target/jacoco.exec
[INFO] 
[INFO] <<< jxr:3.1.1:jxr (generate-xref) < generate-sources @ lets-play <<<
[INFO] 
[INFO] 
[INFO] --- jxr:3.1.1:jxr (generate-xref) @ lets-play ---
[INFO] 
[INFO] --- resources:3.3.1:resources (default-resources) @ lets-play ---
[INFO] Copying 1 resource from src/main/resources to target/classes
[INFO] Copying 1 resource from src/main/resources to target/classes
[INFO] 
[INFO] --- compiler:3.14.0:compile (default-compile) @ lets-play ---
[INFO] Nothing to compile - all classes are up to date.
[INFO] 
[INFO] <<< jxr:3.1.1:test-jxr (generate-test-xref) < generate-test-sources @ lets-play <<<
[INFO] 
[INFO] 
[INFO] --- jxr:3.1.1:test-jxr (generate-test-xref) @ lets-play ---
[INFO] 
[INFO] --- resources:3.3.1:testResources (default-testResources) @ lets-play ---
[INFO] skip non existing resourceDirectory /home/zone01student/dev/Java/lets-play/src/test/resources
[INFO] 
[INFO] --- compiler:3.14.0:testCompile (default-testCompile) @ lets-play ---
[INFO] Nothing to compile - all classes are up to date.
[INFO] 
[INFO] --- surefire:3.5.4:test (default-test) @ lets-play ---
[INFO] Using auto detected provider org.apache.maven.surefire.junitplatform.JUnitPlatformProvider
[INFO] 
[INFO] -------------------------------------------------------
[INFO]  T E S T S
[INFO] -------------------------------------------------------
[INFO] Running com.example.lets_play.ForbiddenIntegrationTest
12:42:12.603 [main] INFO org.springframework.test.context.support.AnnotationConfigContextLoaderUtils -- Could not detect default configuration classes for test class [com.example.lets_play.ForbiddenIntegrationTest]: ForbiddenIntegrationTest does not declare any static, non-private, non-final, nested classes annotated with @Configuration.
12:42:12.779 [main] INFO org.springframework.boot.test.context.SpringBootTestContextBootstrapper -- Found @SpringBootConfiguration com.example.lets_play.LetsPlayApplication for test class com.example.lets_play.ForbiddenIntegrationTest
12:42:13.251 [main] INFO org.springframework.boot.devtools.restart.RestartApplicationListener -- Restart disabled due to context in which it is running

  .   ____          _            __ _ _
 /\\ / ___'_ __ _ _(_)_ __  __ _ \ \ \ \
( ( )\___ | '_ | '_| | '_ \/ _` | \ \ \ \
 \\/  ___)| |_)| | | | | || (_| |  ) ) ) )
  '  |____| .__|_| |_|_| |_\__, | / / / /
 =========|_|==============|___/=/_/_/_/

 :: Spring Boot ::                (v3.5.6)

2025-10-20T12:42:13.637+02:00  INFO 97732 --- [lets-play] [           main] c.e.lets_play.ForbiddenIntegrationTest   : Starting ForbiddenIntegrationTest using Java 21.0.8 with PID 97732 (started by zone01student in /home/zone01student/dev/Java/lets-play)
2025-10-20T12:42:13.639+02:00 DEBUG 97732 --- [lets-play] [           main] c.e.lets_play.ForbiddenIntegrationTest   : Running with Spring Boot v3.5.6, Spring v6.2.11
2025-10-20T12:42:13.640+02:00  INFO 97732 --- [lets-play] [           main] c.e.lets_play.ForbiddenIntegrationTest   : The following 1 profile is active: "test"
2025-10-20T12:42:14.654+02:00  INFO 97732 --- [lets-play] [           main] .s.d.r.c.RepositoryConfigurationDelegate : Bootstrapping Spring Data MongoDB repositories in DEFAULT mode.
2025-10-20T12:42:14.740+02:00  INFO 97732 --- [lets-play] [           main] .s.d.r.c.RepositoryConfigurationDelegate : Finished Spring Data repository scanning in 80 ms. Found 2 MongoDB repository interfaces.
2025-10-20T12:42:15.309+02:00  INFO 97732 --- [lets-play] [           main] o.s.b.w.embedded.tomcat.TomcatWebServer  : Tomcat initialized with port 0 (http)
2025-10-20T12:42:15.330+02:00  INFO 97732 --- [lets-play] [           main] o.apache.catalina.core.StandardService   : Starting service [Tomcat]
2025-10-20T12:42:15.330+02:00  INFO 97732 --- [lets-play] [           main] o.apache.catalina.core.StandardEngine    : Starting Servlet engine: [Apache Tomcat/10.1.46]
2025-10-20T12:42:15.366+02:00  INFO 97732 --- [lets-play] [           main] o.a.c.c.C.[Tomcat].[localhost].[/]       : Initializing Spring embedded WebApplicationContext
2025-10-20T12:42:15.366+02:00  INFO 97732 --- [lets-play] [           main] w.s.c.ServletWebServerApplicationContext : Root WebApplicationContext: initialization completed in 1693 ms
2025-10-20T12:42:15.549+02:00  INFO 97732 --- [lets-play] [           main] org.mongodb.driver.client                : MongoClient with metadata {"driver": {"name": "mongo-java-driver|sync|spring-boot", "version": "5.5.1"}, "os": {"type": "Linux", "name": "Linux", "architecture": "amd64", "version": "6.14.0-33-generic"}, "platform": "Java/Ubuntu/21.0.8+9-Ubuntu-0ubuntu124.04.1"} created with settings MongoClientSettings{readPreference=primary, writeConcern=WriteConcern{w=null, wTimeout=null ms, journal=null}, retryWrites=true, retryReads=true, readConcern=ReadConcern{level=null}, credential=null, transportSettings=null, commandListeners=[], codecRegistry=ProvidersCodecRegistry{codecProviders=[ValueCodecProvider{}, BsonValueCodecProvider{}, DBRefCodecProvider{}, DBObjectCodecProvider{}, DocumentCodecProvider{}, CollectionCodecProvider{}, IterableCodecProvider{}, MapCodecProvider{}, GeoJsonCodecProvider{}, GridFSFileCodecProvider{}, Jsr310CodecProvider{}, JsonObjectCodecProvider{}, BsonCodecProvider{}, EnumCodecProvider{}, com.mongodb.client.model.mql.ExpressionCodecProvider@29ff01df, com.mongodb.Jep395RecordCodecProvider@dfa6f48, com.mongodb.KotlinCodecProvider@6aaaa66b]}, loggerSettings=LoggerSettings{maxDocumentLength=1000}, clusterSettings={hosts=[localhost:27017], srvServiceName=mongodb, mode=SINGLE, requiredClusterType=UNKNOWN, requiredReplicaSetName='null', serverSelector='null', clusterListeners='[]', serverSelectionTimeout='30000 ms', localThreshold='15 ms'}, socketSettings=SocketSettings{connectTimeoutMS=10000, readTimeoutMS=0, receiveBufferSize=0, proxySettings=ProxySettings{host=null, port=null, username=null, password=null}}, heartbeatSocketSettings=SocketSettings{connectTimeoutMS=10000, readTimeoutMS=10000, receiveBufferSize=0, proxySettings=ProxySettings{host=null, port=null, username=null, password=null}}, connectionPoolSettings=ConnectionPoolSettings{maxSize=100, minSize=0, maxWaitTimeMS=120000, maxConnectionLifeTimeMS=0, maxConnectionIdleTimeMS=0, maintenanceInitialDelayMS=0, maintenanceFrequencyMS=60000, connectionPoolListeners=[], maxConnecting=2}, serverSettings=ServerSettings{heartbeatFrequencyMS=10000, minHeartbeatFrequencyMS=500, serverMonitoringMode=AUTO, serverListeners='[]', serverMonitorListeners='[]'}, sslSettings=SslSettings{enabled=false, invalidHostNameAllowed=false, context=null}, applicationName='null', compressorList=[], uuidRepresentation=JAVA_LEGACY, serverApi=null, autoEncryptionSettings=null, dnsClient=null, inetAddressResolver=null, contextProvider=null, timeoutMS=null}
2025-10-20T12:42:15.599+02:00  INFO 97732 --- [lets-play] [localhost:27017] org.mongodb.driver.cluster               : Monitor thread successfully connected to server with description ServerDescription{address=localhost:27017, type=STANDALONE, cryptd=false, state=CONNECTED, ok=true, minWireVersion=0, maxWireVersion=21, maxDocumentSize=16777216, logicalSessionTimeoutMinutes=30, roundTripTimeNanos=35767381, minRoundTripTimeNanos=0}
2025-10-20T12:42:15.881+02:00 DEBUG 97732 --- [lets-play] [           main] c.e.lets_play.config.RateLimitingFilter  : Filter 'rateLimitingFilter' configured for use
2025-10-20T12:42:15.881+02:00 DEBUG 97732 --- [lets-play] [           main] c.e.lets_play.security.AuthTokenFilter   : Filter 'authenticationJwtTokenFilter' configured for use
2025-10-20T12:42:15.881+02:00 DEBUG 97732 --- [lets-play] [           main] c.e.l.config.HttpsEnforcerFilter         : Filter 'httpsEnforcerFilter' configured for use
2025-10-20T12:42:15.978+02:00  INFO 97732 --- [lets-play] [           main] r$InitializeUserDetailsManagerConfigurer : Global AuthenticationManager configured with UserDetailsService bean with name userDetailsServiceImpl
2025-10-20T12:42:16.554+02:00 DEBUG 97732 --- [lets-play] [           main] o.s.s.web.DefaultSecurityFilterChain     : Will secure any request with filters: DisableEncodeUrlFilter, WebAsyncManagerIntegrationFilter, SecurityContextHolderFilter, HeaderWriterFilter, CorsFilter, LogoutFilter, RateLimitingFilter, HttpsEnforcerFilter, AuthTokenFilter, RequestCacheAwareFilter, SecurityContextHolderAwareRequestFilter, AnonymousAuthenticationFilter, SessionManagementFilter, ExceptionTranslationFilter, AuthorizationFilter
2025-10-20T12:42:17.017+02:00  INFO 97732 --- [lets-play] [           main] o.s.b.w.embedded.tomcat.TomcatWebServer  : Tomcat started on port 39327 (http) with context path '/'
2025-10-20T12:42:17.030+02:00  INFO 97732 --- [lets-play] [           main] c.e.lets_play.ForbiddenIntegrationTest   : Started ForbiddenIntegrationTest in 3.793 seconds (process running for 5.37)
2025-10-20T12:42:17.922+02:00  INFO 97732 --- [lets-play] [o-auto-1-exec-1] o.a.c.c.C.[Tomcat].[localhost].[/]       : Initializing Spring DispatcherServlet 'dispatcherServlet'
2025-10-20T12:42:17.923+02:00  INFO 97732 --- [lets-play] [o-auto-1-exec-1] o.s.web.servlet.DispatcherServlet        : Initializing Servlet 'dispatcherServlet'
2025-10-20T12:42:17.923+02:00  INFO 97732 --- [lets-play] [o-auto-1-exec-1] o.s.web.servlet.DispatcherServlet        : Completed initialization in 0 ms
2025-10-20T12:42:17.937+02:00 DEBUG 97732 --- [lets-play] [o-auto-1-exec-1] o.s.security.web.FilterChainProxy        : Securing POST /api/auth/signup
2025-10-20T12:42:17.944+02:00 DEBUG 97732 --- [lets-play] [o-auto-1-exec-1] o.s.s.w.a.AnonymousAuthenticationFilter  : Set SecurityContextHolder to anonymous SecurityContext
2025-10-20T12:42:17.946+02:00 DEBUG 97732 --- [lets-play] [o-auto-1-exec-1] o.s.security.web.FilterChainProxy        : Secured POST /api/auth/signup
2025-10-20T12:42:18.231+02:00 DEBUG 97732 --- [lets-play] [o-auto-1-exec-2] o.s.security.web.FilterChainProxy        : Securing POST /api/auth/signin
2025-10-20T12:42:18.231+02:00 DEBUG 97732 --- [lets-play] [o-auto-1-exec-2] o.s.s.w.a.AnonymousAuthenticationFilter  : Set SecurityContextHolder to anonymous SecurityContext
2025-10-20T12:42:18.231+02:00 DEBUG 97732 --- [lets-play] [o-auto-1-exec-2] o.s.security.web.FilterChainProxy        : Secured POST /api/auth/signin
2025-10-20T12:42:18.387+02:00 DEBUG 97732 --- [lets-play] [o-auto-1-exec-2] o.s.s.a.dao.DaoAuthenticationProvider    : Authenticated user
2025-10-20T12:42:18.427+02:00 DEBUG 97732 --- [lets-play] [o-auto-1-exec-3] o.s.security.web.FilterChainProxy        : Securing POST /api/products
2025-10-20T12:42:18.453+02:00 DEBUG 97732 --- [lets-play] [o-auto-1-exec-3] o.s.security.web.FilterChainProxy        : Secured POST /api/products
2025-10-20T12:42:18.493+02:00 DEBUG 97732 --- [lets-play] [o-auto-1-exec-4] o.s.security.web.FilterChainProxy        : Securing POST /api/auth/signup
2025-10-20T12:42:18.496+02:00 DEBUG 97732 --- [lets-play] [o-auto-1-exec-4] o.s.s.w.a.AnonymousAuthenticationFilter  : Set SecurityContextHolder to anonymous SecurityContext
2025-10-20T12:42:18.497+02:00 DEBUG 97732 --- [lets-play] [o-auto-1-exec-4] o.s.security.web.FilterChainProxy        : Secured POST /api/auth/signup
2025-10-20T12:42:18.597+02:00 DEBUG 97732 --- [lets-play] [o-auto-1-exec-5] o.s.security.web.FilterChainProxy        : Securing POST /api/auth/signin
2025-10-20T12:42:18.597+02:00 DEBUG 97732 --- [lets-play] [o-auto-1-exec-5] o.s.s.w.a.AnonymousAuthenticationFilter  : Set SecurityContextHolder to anonymous SecurityContext
2025-10-20T12:42:18.598+02:00 DEBUG 97732 --- [lets-play] [o-auto-1-exec-5] o.s.security.web.FilterChainProxy        : Secured POST /api/auth/signin
2025-10-20T12:42:18.668+02:00 DEBUG 97732 --- [lets-play] [o-auto-1-exec-5] o.s.s.a.dao.DaoAuthenticationProvider    : Authenticated user
2025-10-20T12:42:18.673+02:00 DEBUG 97732 --- [lets-play] [o-auto-1-exec-6] o.s.security.web.FilterChainProxy        : Securing PUT /api/products/68f6120a07f97580b692e925
2025-10-20T12:42:18.681+02:00 DEBUG 97732 --- [lets-play] [o-auto-1-exec-6] o.s.security.web.FilterChainProxy        : Secured PUT /api/products/68f6120a07f97580b692e925
[INFO] Tests run: 1, Failures: 0, Errors: 0, Skipped: 0, Time elapsed: 6.303 s -- in com.example.lets_play.ForbiddenIntegrationTest
[INFO] Running com.example.lets_play.config.CorsConfigurationTest
2025-10-20T12:42:18.732+02:00  INFO 97732 --- [lets-play] [           main] t.c.s.AnnotationConfigContextLoaderUtils : Could not detect default configuration classes for test class [com.example.lets_play.config.CorsConfigurationTest]: CorsConfigurationTest does not declare any static, non-private, non-final, nested classes annotated with @Configuration.
2025-10-20T12:42:18.763+02:00  INFO 97732 --- [lets-play] [           main] .b.t.c.SpringBootTestContextBootstrapper : Found @SpringBootConfiguration com.example.lets_play.LetsPlayApplication for test class com.example.lets_play.config.CorsConfigurationTest
2025-10-20T12:42:18.773+02:00  INFO 97732 --- [lets-play] [           main] o.s.b.d.r.RestartApplicationListener     : Restart disabled due to context in which it is running

  .   ____          _            __ _ _
 /\\ / ___'_ __ _ _(_)_ __  __ _ \ \ \ \
( ( )\___ | '_ | '_| | '_ \/ _` | \ \ \ \
 \\/  ___)| |_)| | | | | || (_| |  ) ) ) )
  '  |____| .__|_| |_|_| |_\__, | / / / /
 =========|_|==============|___/=/_/_/_/

 :: Spring Boot ::                (v3.5.6)

2025-10-20T12:42:18.803+02:00  INFO 97732 --- [lets-play] [           main] c.e.l.config.CorsConfigurationTest       : Starting CorsConfigurationTest using Java 21.0.8 with PID 97732 (started by zone01student in /home/zone01student/dev/Java/lets-play)
2025-10-20T12:42:18.804+02:00 DEBUG 97732 --- [lets-play] [           main] c.e.l.config.CorsConfigurationTest       : Running with Spring Boot v3.5.6, Spring v6.2.11
2025-10-20T12:42:18.804+02:00  INFO 97732 --- [lets-play] [           main] c.e.l.config.CorsConfigurationTest       : No active profile set, falling back to 1 default profile: "default"
2025-10-20T12:42:19.025+02:00  INFO 97732 --- [lets-play] [           main] .s.d.r.c.RepositoryConfigurationDelegate : Bootstrapping Spring Data MongoDB repositories in DEFAULT mode.
2025-10-20T12:42:19.039+02:00  INFO 97732 --- [lets-play] [           main] .s.d.r.c.RepositoryConfigurationDelegate : Finished Spring Data repository scanning in 12 ms. Found 2 MongoDB repository interfaces.
2025-10-20T12:42:19.101+02:00  INFO 97732 --- [lets-play] [           main] org.mongodb.driver.client                : MongoClient with metadata {"driver": {"name": "mongo-java-driver|sync|spring-boot", "version": "5.5.1"}, "os": {"type": "Linux", "name": "Linux", "architecture": "amd64", "version": "6.14.0-33-generic"}, "platform": "Java/Ubuntu/21.0.8+9-Ubuntu-0ubuntu124.04.1"} created with settings MongoClientSettings{readPreference=primary, writeConcern=WriteConcern{w=null, wTimeout=null ms, journal=null}, retryWrites=true, retryReads=true, readConcern=ReadConcern{level=null}, credential=null, transportSettings=null, commandListeners=[], codecRegistry=ProvidersCodecRegistry{codecProviders=[ValueCodecProvider{}, BsonValueCodecProvider{}, DBRefCodecProvider{}, DBObjectCodecProvider{}, DocumentCodecProvider{}, CollectionCodecProvider{}, IterableCodecProvider{}, MapCodecProvider{}, GeoJsonCodecProvider{}, GridFSFileCodecProvider{}, Jsr310CodecProvider{}, JsonObjectCodecProvider{}, BsonCodecProvider{}, EnumCodecProvider{}, com.mongodb.client.model.mql.ExpressionCodecProvider@29ff01df, com.mongodb.Jep395RecordCodecProvider@dfa6f48, com.mongodb.KotlinCodecProvider@6aaaa66b]}, loggerSettings=LoggerSettings{maxDocumentLength=1000}, clusterSettings={hosts=[localhost:27017], srvServiceName=mongodb, mode=SINGLE, requiredClusterType=UNKNOWN, requiredReplicaSetName='null', serverSelector='null', clusterListeners='[]', serverSelectionTimeout='30000 ms', localThreshold='15 ms'}, socketSettings=SocketSettings{connectTimeoutMS=10000, readTimeoutMS=0, receiveBufferSize=0, proxySettings=ProxySettings{host=null, port=null, username=null, password=null}}, heartbeatSocketSettings=SocketSettings{connectTimeoutMS=10000, readTimeoutMS=10000, receiveBufferSize=0, proxySettings=ProxySettings{host=null, port=null, username=null, password=null}}, connectionPoolSettings=ConnectionPoolSettings{maxSize=100, minSize=0, maxWaitTimeMS=120000, maxConnectionLifeTimeMS=0, maxConnectionIdleTimeMS=0, maintenanceInitialDelayMS=0, maintenanceFrequencyMS=60000, connectionPoolListeners=[], maxConnecting=2}, serverSettings=ServerSettings{heartbeatFrequencyMS=10000, minHeartbeatFrequencyMS=500, serverMonitoringMode=AUTO, serverListeners='[]', serverMonitorListeners='[]'}, sslSettings=SslSettings{enabled=false, invalidHostNameAllowed=false, context=null}, applicationName='null', compressorList=[], uuidRepresentation=JAVA_LEGACY, serverApi=null, autoEncryptionSettings=null, dnsClient=null, inetAddressResolver=null, contextProvider=null, timeoutMS=null}
2025-10-20T12:42:19.102+02:00  INFO 97732 --- [lets-play] [localhost:27017] org.mongodb.driver.cluster               : Monitor thread successfully connected to server with description ServerDescription{address=localhost:27017, type=STANDALONE, cryptd=false, state=CONNECTED, ok=true, minWireVersion=0, maxWireVersion=21, maxDocumentSize=16777216, logicalSessionTimeoutMinutes=30, roundTripTimeNanos=1381964, minRoundTripTimeNanos=0}
2025-10-20T12:42:19.167+02:00  INFO 97732 --- [lets-play] [           main] r$InitializeUserDetailsManagerConfigurer : Global AuthenticationManager configured with UserDetailsService bean with name userDetailsServiceImpl
2025-10-20T12:42:19.298+02:00 DEBUG 97732 --- [lets-play] [           main] o.s.s.web.DefaultSecurityFilterChain     : Will secure any request with filters: DisableEncodeUrlFilter, WebAsyncManagerIntegrationFilter, SecurityContextHolderFilter, HeaderWriterFilter, CorsFilter, LogoutFilter, RateLimitingFilter, HttpsEnforcerFilter, AuthTokenFilter, RequestCacheAwareFilter, SecurityContextHolderAwareRequestFilter, AnonymousAuthenticationFilter, SessionManagementFilter, ExceptionTranslationFilter, AuthorizationFilter
2025-10-20T12:42:19.377+02:00 DEBUG 97732 --- [lets-play] [           main] c.e.lets_play.config.RateLimitingFilter  : Filter 'rateLimitingFilter' configured for use
2025-10-20T12:42:19.378+02:00 DEBUG 97732 --- [lets-play] [           main] c.e.l.config.HttpsEnforcerFilter         : Filter 'httpsEnforcerFilter' configured for use
2025-10-20T12:42:19.378+02:00 DEBUG 97732 --- [lets-play] [           main] c.e.lets_play.security.AuthTokenFilter   : Filter 'authenticationJwtTokenFilter' configured for use
2025-10-20T12:42:19.378+02:00  INFO 97732 --- [lets-play] [           main] o.s.b.t.m.w.SpringBootMockServletContext : Initializing Spring TestDispatcherServlet ''
2025-10-20T12:42:19.378+02:00  INFO 97732 --- [lets-play] [           main] o.s.t.web.servlet.TestDispatcherServlet  : Initializing Servlet ''
2025-10-20T12:42:19.379+02:00  INFO 97732 --- [lets-play] [           main] o.s.t.web.servlet.TestDispatcherServlet  : Completed initialization in 1 ms
2025-10-20T12:42:19.391+02:00  INFO 97732 --- [lets-play] [           main] c.e.l.config.CorsConfigurationTest       : Started CorsConfigurationTest in 0.618 seconds (process running for 7.73)
2025-10-20T12:42:19.413+02:00 DEBUG 97732 --- [lets-play] [           main] o.s.security.web.FilterChainProxy        : Securing OPTIONS /api/products
[INFO] Tests run: 1, Failures: 0, Errors: 0, Skipped: 0, Time elapsed: 0.787 s -- in com.example.lets_play.config.CorsConfigurationTest
[INFO] Running com.example.lets_play.config.HttpsEnforcerIntegrationTest
2025-10-20T12:42:19.520+02:00  INFO 97732 --- [lets-play] [           main] t.c.s.AnnotationConfigContextLoaderUtils : Could not detect default configuration classes for test class [com.example.lets_play.config.HttpsEnforcerIntegrationTest]: HttpsEnforcerIntegrationTest does not declare any static, non-private, non-final, nested classes annotated with @Configuration.
2025-10-20T12:42:19.523+02:00  INFO 97732 --- [lets-play] [           main] .b.t.c.SpringBootTestContextBootstrapper : Found @SpringBootConfiguration com.example.lets_play.LetsPlayApplication for test class com.example.lets_play.config.HttpsEnforcerIntegrationTest
2025-10-20T12:42:19.529+02:00  INFO 97732 --- [lets-play] [           main] o.s.b.d.r.RestartApplicationListener     : Restart disabled due to context in which it is running

  .   ____          _            __ _ _
 /\\ / ___'_ __ _ _(_)_ __  __ _ \ \ \ \
( ( )\___ | '_ | '_| | '_ \/ _` | \ \ \ \
 \\/  ___)| |_)| | | | | || (_| |  ) ) ) )
  '  |____| .__|_| |_|_| |_\__, | / / / /
 =========|_|==============|___/=/_/_/_/

 :: Spring Boot ::                (v3.5.6)

2025-10-20T12:42:19.547+02:00  INFO 97732 --- [lets-play] [           main] c.e.l.c.HttpsEnforcerIntegrationTest     : Starting HttpsEnforcerIntegrationTest using Java 21.0.8 with PID 97732 (started by zone01student in /home/zone01student/dev/Java/lets-play)
2025-10-20T12:42:19.548+02:00 DEBUG 97732 --- [lets-play] [           main] c.e.l.c.HttpsEnforcerIntegrationTest     : Running with Spring Boot v3.5.6, Spring v6.2.11
2025-10-20T12:42:19.548+02:00  INFO 97732 --- [lets-play] [           main] c.e.l.c.HttpsEnforcerIntegrationTest     : No active profile set, falling back to 1 default profile: "default"
2025-10-20T12:42:19.733+02:00  INFO 97732 --- [lets-play] [           main] .s.d.r.c.RepositoryConfigurationDelegate : Bootstrapping Spring Data MongoDB repositories in DEFAULT mode.
2025-10-20T12:42:19.746+02:00  INFO 97732 --- [lets-play] [           main] .s.d.r.c.RepositoryConfigurationDelegate : Finished Spring Data repository scanning in 10 ms. Found 2 MongoDB repository interfaces.
2025-10-20T12:42:19.835+02:00  INFO 97732 --- [lets-play] [           main] o.s.b.w.embedded.tomcat.TomcatWebServer  : Tomcat initialized with port 0 (http)
2025-10-20T12:42:19.837+02:00  INFO 97732 --- [lets-play] [           main] o.apache.catalina.core.StandardService   : Starting service [Tomcat]
2025-10-20T12:42:19.837+02:00  INFO 97732 --- [lets-play] [           main] o.apache.catalina.core.StandardEngine    : Starting Servlet engine: [Apache Tomcat/10.1.46]
2025-10-20T12:42:19.852+02:00  INFO 97732 --- [lets-play] [           main] o.a.c.c.C.[Tomcat-1].[localhost].[/]     : Initializing Spring embedded WebApplicationContext
2025-10-20T12:42:19.852+02:00  INFO 97732 --- [lets-play] [           main] w.s.c.ServletWebServerApplicationContext : Root WebApplicationContext: initialization completed in 303 ms
2025-10-20T12:42:19.877+02:00  INFO 97732 --- [lets-play] [           main] org.mongodb.driver.client                : MongoClient with metadata {"driver": {"name": "mongo-java-driver|sync|spring-boot", "version": "5.5.1"}, "os": {"type": "Linux", "name": "Linux", "architecture": "amd64", "version": "6.14.0-33-generic"}, "platform": "Java/Ubuntu/21.0.8+9-Ubuntu-0ubuntu124.04.1"} created with settings MongoClientSettings{readPreference=primary, writeConcern=WriteConcern{w=null, wTimeout=null ms, journal=null}, retryWrites=true, retryReads=true, readConcern=ReadConcern{level=null}, credential=null, transportSettings=null, commandListeners=[], codecRegistry=ProvidersCodecRegistry{codecProviders=[ValueCodecProvider{}, BsonValueCodecProvider{}, DBRefCodecProvider{}, DBObjectCodecProvider{}, DocumentCodecProvider{}, CollectionCodecProvider{}, IterableCodecProvider{}, MapCodecProvider{}, GeoJsonCodecProvider{}, GridFSFileCodecProvider{}, Jsr310CodecProvider{}, JsonObjectCodecProvider{}, BsonCodecProvider{}, EnumCodecProvider{}, com.mongodb.client.model.mql.ExpressionCodecProvider@29ff01df, com.mongodb.Jep395RecordCodecProvider@dfa6f48, com.mongodb.KotlinCodecProvider@6aaaa66b]}, loggerSettings=LoggerSettings{maxDocumentLength=1000}, clusterSettings={hosts=[localhost:27017], srvServiceName=mongodb, mode=SINGLE, requiredClusterType=UNKNOWN, requiredReplicaSetName='null', serverSelector='null', clusterListeners='[]', serverSelectionTimeout='30000 ms', localThreshold='15 ms'}, socketSettings=SocketSettings{connectTimeoutMS=10000, readTimeoutMS=0, receiveBufferSize=0, proxySettings=ProxySettings{host=null, port=null, username=null, password=null}}, heartbeatSocketSettings=SocketSettings{connectTimeoutMS=10000, readTimeoutMS=10000, receiveBufferSize=0, proxySettings=ProxySettings{host=null, port=null, username=null, password=null}}, connectionPoolSettings=ConnectionPoolSettings{maxSize=100, minSize=0, maxWaitTimeMS=120000, maxConnectionLifeTimeMS=0, maxConnectionIdleTimeMS=0, maintenanceInitialDelayMS=0, maintenanceFrequencyMS=60000, connectionPoolListeners=[], maxConnecting=2}, serverSettings=ServerSettings{heartbeatFrequencyMS=10000, minHeartbeatFrequencyMS=500, serverMonitoringMode=AUTO, serverListeners='[]', serverMonitorListeners='[]'}, sslSettings=SslSettings{enabled=false, invalidHostNameAllowed=false, context=null}, applicationName='null', compressorList=[], uuidRepresentation=JAVA_LEGACY, serverApi=null, autoEncryptionSettings=null, dnsClient=null, inetAddressResolver=null, contextProvider=null, timeoutMS=null}
2025-10-20T12:42:19.878+02:00  INFO 97732 --- [lets-play] [localhost:27017] org.mongodb.driver.cluster               : Monitor thread successfully connected to server with description ServerDescription{address=localhost:27017, type=STANDALONE, cryptd=false, state=CONNECTED, ok=true, minWireVersion=0, maxWireVersion=21, maxDocumentSize=16777216, logicalSessionTimeoutMinutes=30, roundTripTimeNanos=1363403, minRoundTripTimeNanos=0}
2025-10-20T12:42:19.910+02:00 DEBUG 97732 --- [lets-play] [           main] c.e.lets_play.config.RateLimitingFilter  : Filter 'rateLimitingFilter' configured for use
2025-10-20T12:42:19.910+02:00 DEBUG 97732 --- [lets-play] [           main] c.e.lets_play.security.AuthTokenFilter   : Filter 'authenticationJwtTokenFilter' configured for use
2025-10-20T12:42:19.910+02:00 DEBUG 97732 --- [lets-play] [           main] c.e.l.config.HttpsEnforcerFilter         : Filter 'httpsEnforcerFilter' configured for use
2025-10-20T12:42:19.924+02:00  INFO 97732 --- [lets-play] [           main] r$InitializeUserDetailsManagerConfigurer : Global AuthenticationManager configured with UserDetailsService bean with name userDetailsServiceImpl
2025-10-20T12:42:20.089+02:00 DEBUG 97732 --- [lets-play] [           main] o.s.s.web.DefaultSecurityFilterChain     : Will secure any request with filters: DisableEncodeUrlFilter, WebAsyncManagerIntegrationFilter, SecurityContextHolderFilter, HeaderWriterFilter, CorsFilter, LogoutFilter, RateLimitingFilter, HttpsEnforcerFilter, AuthTokenFilter, RequestCacheAwareFilter, SecurityContextHolderAwareRequestFilter, AnonymousAuthenticationFilter, SessionManagementFilter, ExceptionTranslationFilter, AuthorizationFilter
2025-10-20T12:42:20.177+02:00  INFO 97732 --- [lets-play] [           main] o.s.b.w.embedded.tomcat.TomcatWebServer  : Tomcat started on port 37241 (http) with context path '/'
2025-10-20T12:42:20.184+02:00  INFO 97732 --- [lets-play] [           main] c.e.l.c.HttpsEnforcerIntegrationTest     : Started HttpsEnforcerIntegrationTest in 0.655 seconds (process running for 8.524)
2025-10-20T12:42:20.205+02:00  INFO 97732 --- [lets-play] [o-auto-2-exec-1] o.a.c.c.C.[Tomcat-1].[localhost].[/]     : Initializing Spring DispatcherServlet 'dispatcherServlet'
2025-10-20T12:42:20.206+02:00  INFO 97732 --- [lets-play] [o-auto-2-exec-1] o.s.web.servlet.DispatcherServlet        : Initializing Servlet 'dispatcherServlet'
2025-10-20T12:42:20.207+02:00  INFO 97732 --- [lets-play] [o-auto-2-exec-1] o.s.web.servlet.DispatcherServlet        : Completed initialization in 1 ms
2025-10-20T12:42:20.219+02:00 DEBUG 97732 --- [lets-play] [o-auto-2-exec-1] o.s.security.web.FilterChainProxy        : Securing GET /api/auth/ping
[INFO] Tests run: 1, Failures: 0, Errors: 0, Skipped: 0, Time elapsed: 0.715 s -- in com.example.lets_play.config.HttpsEnforcerIntegrationTest
[INFO] Running com.example.lets_play.config.RateLimitingFilterTest
2025-10-20T12:42:20.243+02:00  INFO 97732 --- [lets-play] [           main] .b.t.c.SpringBootTestContextBootstrapper : Found @SpringBootConfiguration com.example.lets_play.LetsPlayApplication for test class com.example.lets_play.config.RateLimitingFilterTest
2025-10-20T12:42:20.247+02:00  INFO 97732 --- [lets-play] [           main] o.s.b.d.r.RestartApplicationListener     : Restart disabled due to context in which it is running

  .   ____          _            __ _ _
 /\\ / ___'_ __ _ _(_)_ __  __ _ \ \ \ \
( ( )\___ | '_ | '_| | '_ \/ _` | \ \ \ \
 \\/  ___)| |_)| | | | | || (_| |  ) ) ) )
  '  |____| .__|_| |_|_| |_\__, | / / / /
 =========|_|==============|___/=/_/_/_/

 :: Spring Boot ::                (v3.5.6)

2025-10-20T12:42:20.264+02:00  INFO 97732 --- [lets-play] [           main] c.e.l.config.RateLimitingFilterTest      : Starting RateLimitingFilterTest using Java 21.0.8 with PID 97732 (started by zone01student in /home/zone01student/dev/Java/lets-play)
2025-10-20T12:42:20.264+02:00 DEBUG 97732 --- [lets-play] [           main] c.e.l.config.RateLimitingFilterTest      : Running with Spring Boot v3.5.6, Spring v6.2.11
2025-10-20T12:42:20.264+02:00  INFO 97732 --- [lets-play] [           main] c.e.l.config.RateLimitingFilterTest      : No active profile set, falling back to 1 default profile: "default"
2025-10-20T12:42:20.351+02:00  INFO 97732 --- [lets-play] [           main] .s.d.r.c.RepositoryConfigurationDelegate : Bootstrapping Spring Data MongoDB repositories in DEFAULT mode.
2025-10-20T12:42:20.357+02:00  INFO 97732 --- [lets-play] [           main] .s.d.r.c.RepositoryConfigurationDelegate : Finished Spring Data repository scanning in 4 ms. Found 2 MongoDB repository interfaces.
2025-10-20T12:42:20.396+02:00  INFO 97732 --- [lets-play] [           main] org.mongodb.driver.client                : MongoClient with metadata {"driver": {"name": "mongo-java-driver|sync|spring-boot", "version": "5.5.1"}, "os": {"type": "Linux", "name": "Linux", "architecture": "amd64", "version": "6.14.0-33-generic"}, "platform": "Java/Ubuntu/21.0.8+9-Ubuntu-0ubuntu124.04.1"} created with settings MongoClientSettings{readPreference=primary, writeConcern=WriteConcern{w=null, wTimeout=null ms, journal=null}, retryWrites=true, retryReads=true, readConcern=ReadConcern{level=null}, credential=null, transportSettings=null, commandListeners=[], codecRegistry=ProvidersCodecRegistry{codecProviders=[ValueCodecProvider{}, BsonValueCodecProvider{}, DBRefCodecProvider{}, DBObjectCodecProvider{}, DocumentCodecProvider{}, CollectionCodecProvider{}, IterableCodecProvider{}, MapCodecProvider{}, GeoJsonCodecProvider{}, GridFSFileCodecProvider{}, Jsr310CodecProvider{}, JsonObjectCodecProvider{}, BsonCodecProvider{}, EnumCodecProvider{}, com.mongodb.client.model.mql.ExpressionCodecProvider@29ff01df, com.mongodb.Jep395RecordCodecProvider@dfa6f48, com.mongodb.KotlinCodecProvider@6aaaa66b]}, loggerSettings=LoggerSettings{maxDocumentLength=1000}, clusterSettings={hosts=[localhost:27017], srvServiceName=mongodb, mode=SINGLE, requiredClusterType=UNKNOWN, requiredReplicaSetName='null', serverSelector='null', clusterListeners='[]', serverSelectionTimeout='30000 ms', localThreshold='15 ms'}, socketSettings=SocketSettings{connectTimeoutMS=10000, readTimeoutMS=0, receiveBufferSize=0, proxySettings=ProxySettings{host=null, port=null, username=null, password=null}}, heartbeatSocketSettings=SocketSettings{connectTimeoutMS=10000, readTimeoutMS=10000, receiveBufferSize=0, proxySettings=ProxySettings{host=null, port=null, username=null, password=null}}, connectionPoolSettings=ConnectionPoolSettings{maxSize=100, minSize=0, maxWaitTimeMS=120000, maxConnectionLifeTimeMS=0, maxConnectionIdleTimeMS=0, maintenanceInitialDelayMS=0, maintenanceFrequencyMS=60000, connectionPoolListeners=[], maxConnecting=2}, serverSettings=ServerSettings{heartbeatFrequencyMS=10000, minHeartbeatFrequencyMS=500, serverMonitoringMode=AUTO, serverListeners='[]', serverMonitorListeners='[]'}, sslSettings=SslSettings{enabled=false, invalidHostNameAllowed=false, context=null}, applicationName='null', compressorList=[], uuidRepresentation=JAVA_LEGACY, serverApi=null, autoEncryptionSettings=null, dnsClient=null, inetAddressResolver=null, contextProvider=null, timeoutMS=null}
2025-10-20T12:42:20.398+02:00  INFO 97732 --- [lets-play] [localhost:27017] org.mongodb.driver.cluster               : Monitor thread successfully connected to server with description ServerDescription{address=localhost:27017, type=STANDALONE, cryptd=false, state=CONNECTED, ok=true, minWireVersion=0, maxWireVersion=21, maxDocumentSize=16777216, logicalSessionTimeoutMinutes=30, roundTripTimeNanos=1255089, minRoundTripTimeNanos=0}
2025-10-20T12:42:20.426+02:00  INFO 97732 --- [lets-play] [           main] r$InitializeUserDetailsManagerConfigurer : Global AuthenticationManager configured with UserDetailsService bean with name userDetailsServiceImpl
2025-10-20T12:42:20.526+02:00 DEBUG 97732 --- [lets-play] [           main] o.s.s.web.DefaultSecurityFilterChain     : Will secure any request with filters: DisableEncodeUrlFilter, WebAsyncManagerIntegrationFilter, SecurityContextHolderFilter, HeaderWriterFilter, CorsFilter, LogoutFilter, RateLimitingFilter, HttpsEnforcerFilter, AuthTokenFilter, RequestCacheAwareFilter, SecurityContextHolderAwareRequestFilter, AnonymousAuthenticationFilter, SessionManagementFilter, ExceptionTranslationFilter, AuthorizationFilter
2025-10-20T12:42:20.599+02:00 DEBUG 97732 --- [lets-play] [           main] c.e.lets_play.config.RateLimitingFilter  : Filter 'rateLimitingFilter' configured for use
2025-10-20T12:42:20.599+02:00 DEBUG 97732 --- [lets-play] [           main] c.e.l.config.HttpsEnforcerFilter         : Filter 'httpsEnforcerFilter' configured for use
2025-10-20T12:42:20.599+02:00 DEBUG 97732 --- [lets-play] [           main] c.e.lets_play.security.AuthTokenFilter   : Filter 'authenticationJwtTokenFilter' configured for use
2025-10-20T12:42:20.599+02:00  INFO 97732 --- [lets-play] [           main] o.s.b.t.m.w.SpringBootMockServletContext : Initializing Spring TestDispatcherServlet ''
2025-10-20T12:42:20.599+02:00  INFO 97732 --- [lets-play] [           main] o.s.t.web.servlet.TestDispatcherServlet  : Initializing Servlet ''
2025-10-20T12:42:20.600+02:00  INFO 97732 --- [lets-play] [           main] o.s.t.web.servlet.TestDispatcherServlet  : Completed initialization in 1 ms
2025-10-20T12:42:20.607+02:00  INFO 97732 --- [lets-play] [           main] c.e.l.config.RateLimitingFilterTest      : Started RateLimitingFilterTest in 0.36 seconds (process running for 8.946)
2025-10-20T12:42:20.617+02:00 DEBUG 97732 --- [lets-play] [           main] o.s.security.web.FilterChainProxy        : Securing GET /api/auth/test-ping
2025-10-20T12:42:20.618+02:00 DEBUG 97732 --- [lets-play] [           main] o.s.s.w.a.AnonymousAuthenticationFilter  : Set SecurityContextHolder to anonymous SecurityContext
2025-10-20T12:42:20.619+02:00 DEBUG 97732 --- [lets-play] [           main] o.s.security.web.FilterChainProxy        : Secured GET /api/auth/test-ping
2025-10-20T12:42:20.626+02:00 DEBUG 97732 --- [lets-play] [           main] o.s.security.web.FilterChainProxy        : Securing GET /api/auth/test-ping
2025-10-20T12:42:20.626+02:00 DEBUG 97732 --- [lets-play] [           main] o.s.s.w.a.AnonymousAuthenticationFilter  : Set SecurityContextHolder to anonymous SecurityContext
2025-10-20T12:42:20.626+02:00 DEBUG 97732 --- [lets-play] [           main] o.s.security.web.FilterChainProxy        : Secured GET /api/auth/test-ping
2025-10-20T12:42:20.628+02:00 DEBUG 97732 --- [lets-play] [           main] o.s.security.web.FilterChainProxy        : Securing GET /api/auth/test-ping
[INFO] Tests run: 1, Failures: 0, Errors: 0, Skipped: 0, Time elapsed: 0.411 s -- in com.example.lets_play.config.RateLimitingFilterTest
[INFO] Running com.example.lets_play.config.HttpsEnforcerFilterTest
2025-10-20T12:42:20.650+02:00  INFO 97732 --- [lets-play] [           main] t.c.s.AnnotationConfigContextLoaderUtils : Could not detect default configuration classes for test class [com.example.lets_play.config.HttpsEnforcerFilterTest]: HttpsEnforcerFilterTest does not declare any static, non-private, non-final, nested classes annotated with @Configuration.
2025-10-20T12:42:20.651+02:00  INFO 97732 --- [lets-play] [           main] .b.t.c.SpringBootTestContextBootstrapper : Found @SpringBootConfiguration com.example.lets_play.LetsPlayApplication for test class com.example.lets_play.config.HttpsEnforcerFilterTest
2025-10-20T12:42:20.655+02:00  INFO 97732 --- [lets-play] [           main] o.s.b.d.r.RestartApplicationListener     : Restart disabled due to context in which it is running

  .   ____          _            __ _ _
 /\\ / ___'_ __ _ _(_)_ __  __ _ \ \ \ \
( ( )\___ | '_ | '_| | '_ \/ _` | \ \ \ \
 \\/  ___)| |_)| | | | | || (_| |  ) ) ) )
  '  |____| .__|_| |_|_| |_\__, | / / / /
 =========|_|==============|___/=/_/_/_/

 :: Spring Boot ::                (v3.5.6)

2025-10-20T12:42:20.665+02:00  INFO 97732 --- [lets-play] [           main] c.e.l.config.HttpsEnforcerFilterTest     : Starting HttpsEnforcerFilterTest using Java 21.0.8 with PID 97732 (started by zone01student in /home/zone01student/dev/Java/lets-play)
2025-10-20T12:42:20.665+02:00 DEBUG 97732 --- [lets-play] [           main] c.e.l.config.HttpsEnforcerFilterTest     : Running with Spring Boot v3.5.6, Spring v6.2.11
2025-10-20T12:42:20.666+02:00  INFO 97732 --- [lets-play] [           main] c.e.l.config.HttpsEnforcerFilterTest     : No active profile set, falling back to 1 default profile: "default"
2025-10-20T12:42:20.779+02:00  INFO 97732 --- [lets-play] [           main] .s.d.r.c.RepositoryConfigurationDelegate : Bootstrapping Spring Data MongoDB repositories in DEFAULT mode.
2025-10-20T12:42:20.783+02:00  INFO 97732 --- [lets-play] [           main] .s.d.r.c.RepositoryConfigurationDelegate : Finished Spring Data repository scanning in 4 ms. Found 2 MongoDB repository interfaces.
2025-10-20T12:42:20.820+02:00  INFO 97732 --- [lets-play] [           main] org.mongodb.driver.client                : MongoClient with metadata {"driver": {"name": "mongo-java-driver|sync|spring-boot", "version": "5.5.1"}, "os": {"type": "Linux", "name": "Linux", "architecture": "amd64", "version": "6.14.0-33-generic"}, "platform": "Java/Ubuntu/21.0.8+9-Ubuntu-0ubuntu124.04.1"} created with settings MongoClientSettings{readPreference=primary, writeConcern=WriteConcern{w=null, wTimeout=null ms, journal=null}, retryWrites=true, retryReads=true, readConcern=ReadConcern{level=null}, credential=null, transportSettings=null, commandListeners=[], codecRegistry=ProvidersCodecRegistry{codecProviders=[ValueCodecProvider{}, BsonValueCodecProvider{}, DBRefCodecProvider{}, DBObjectCodecProvider{}, DocumentCodecProvider{}, CollectionCodecProvider{}, IterableCodecProvider{}, MapCodecProvider{}, GeoJsonCodecProvider{}, GridFSFileCodecProvider{}, Jsr310CodecProvider{}, JsonObjectCodecProvider{}, BsonCodecProvider{}, EnumCodecProvider{}, com.mongodb.client.model.mql.ExpressionCodecProvider@29ff01df, com.mongodb.Jep395RecordCodecProvider@dfa6f48, com.mongodb.KotlinCodecProvider@6aaaa66b]}, loggerSettings=LoggerSettings{maxDocumentLength=1000}, clusterSettings={hosts=[localhost:27017], srvServiceName=mongodb, mode=SINGLE, requiredClusterType=UNKNOWN, requiredReplicaSetName='null', serverSelector='null', clusterListeners='[]', serverSelectionTimeout='30000 ms', localThreshold='15 ms'}, socketSettings=SocketSettings{connectTimeoutMS=10000, readTimeoutMS=0, receiveBufferSize=0, proxySettings=ProxySettings{host=null, port=null, username=null, password=null}}, heartbeatSocketSettings=SocketSettings{connectTimeoutMS=10000, readTimeoutMS=10000, receiveBufferSize=0, proxySettings=ProxySettings{host=null, port=null, username=null, password=null}}, connectionPoolSettings=ConnectionPoolSettings{maxSize=100, minSize=0, maxWaitTimeMS=120000, maxConnectionLifeTimeMS=0, maxConnectionIdleTimeMS=0, maintenanceInitialDelayMS=0, maintenanceFrequencyMS=60000, connectionPoolListeners=[], maxConnecting=2}, serverSettings=ServerSettings{heartbeatFrequencyMS=10000, minHeartbeatFrequencyMS=500, serverMonitoringMode=AUTO, serverListeners='[]', serverMonitorListeners='[]'}, sslSettings=SslSettings{enabled=false, invalidHostNameAllowed=false, context=null}, applicationName='null', compressorList=[], uuidRepresentation=JAVA_LEGACY, serverApi=null, autoEncryptionSettings=null, dnsClient=null, inetAddressResolver=null, contextProvider=null, timeoutMS=null}
2025-10-20T12:42:20.823+02:00  INFO 97732 --- [lets-play] [localhost:27017] org.mongodb.driver.cluster               : Monitor thread successfully connected to server with description ServerDescription{address=localhost:27017, type=STANDALONE, cryptd=false, state=CONNECTED, ok=true, minWireVersion=0, maxWireVersion=21, maxDocumentSize=16777216, logicalSessionTimeoutMinutes=30, roundTripTimeNanos=1855732, minRoundTripTimeNanos=0}
2025-10-20T12:42:20.849+02:00  INFO 97732 --- [lets-play] [           main] r$InitializeUserDetailsManagerConfigurer : Global AuthenticationManager configured with UserDetailsService bean with name userDetailsServiceImpl
2025-10-20T12:42:20.939+02:00 DEBUG 97732 --- [lets-play] [           main] o.s.s.web.DefaultSecurityFilterChain     : Will secure any request with filters: DisableEncodeUrlFilter, WebAsyncManagerIntegrationFilter, SecurityContextHolderFilter, HeaderWriterFilter, CorsFilter, LogoutFilter, RateLimitingFilter, HttpsEnforcerFilter, AuthTokenFilter, RequestCacheAwareFilter, SecurityContextHolderAwareRequestFilter, AnonymousAuthenticationFilter, SessionManagementFilter, ExceptionTranslationFilter, AuthorizationFilter
2025-10-20T12:42:20.999+02:00 DEBUG 97732 --- [lets-play] [           main] c.e.lets_play.config.RateLimitingFilter  : Filter 'rateLimitingFilter' configured for use
2025-10-20T12:42:20.999+02:00 DEBUG 97732 --- [lets-play] [           main] c.e.l.config.HttpsEnforcerFilter         : Filter 'httpsEnforcerFilter' configured for use
2025-10-20T12:42:20.999+02:00 DEBUG 97732 --- [lets-play] [           main] c.e.lets_play.security.AuthTokenFilter   : Filter 'authenticationJwtTokenFilter' configured for use
2025-10-20T12:42:20.999+02:00  INFO 97732 --- [lets-play] [           main] o.s.b.t.m.w.SpringBootMockServletContext : Initializing Spring TestDispatcherServlet ''
2025-10-20T12:42:20.999+02:00  INFO 97732 --- [lets-play] [           main] o.s.t.web.servlet.TestDispatcherServlet  : Initializing Servlet ''
2025-10-20T12:42:20.999+02:00  INFO 97732 --- [lets-play] [           main] o.s.t.web.servlet.TestDispatcherServlet  : Completed initialization in 0 ms
2025-10-20T12:42:21.004+02:00  INFO 97732 --- [lets-play] [           main] c.e.l.config.HttpsEnforcerFilterTest     : Started HttpsEnforcerFilterTest in 0.35 seconds (process running for 9.343)
2025-10-20T12:42:21.022+02:00 DEBUG 97732 --- [lets-play] [           main] o.s.security.web.FilterChainProxy        : Securing GET /api/auth/ping
[INFO] Tests run: 1, Failures: 0, Errors: 0, Skipped: 0, Time elapsed: 0.379 s -- in com.example.lets_play.config.HttpsEnforcerFilterTest
[INFO] Running com.example.lets_play.controller.AuthControllerTest
[INFO] Tests run: 1, Failures: 0, Errors: 0, Skipped: 0, Time elapsed: 0.668 s -- in com.example.lets_play.controller.AuthControllerTest
[INFO] Running com.example.lets_play.security.JwtUtilsEnvTest
2025-10-20T12:42:21.714+02:00  INFO 97732 --- [lets-play] [           main] t.c.s.AnnotationConfigContextLoaderUtils : Could not detect default configuration classes for test class [com.example.lets_play.security.JwtUtilsEnvTest]: JwtUtilsEnvTest does not declare any static, non-private, non-final, nested classes annotated with @Configuration.
2025-10-20T12:42:21.746+02:00  INFO 97732 --- [lets-play] [           main] .b.t.c.SpringBootTestContextBootstrapper : Found @SpringBootConfiguration com.example.lets_play.LetsPlayApplication for test class com.example.lets_play.security.JwtUtilsEnvTest
2025-10-20T12:42:21.760+02:00  INFO 97732 --- [lets-play] [           main] o.s.b.d.r.RestartApplicationListener     : Restart disabled due to context in which it is running

  .   ____          _            __ _ _
 /\\ / ___'_ __ _ _(_)_ __  __ _ \ \ \ \
( ( )\___ | '_ | '_| | '_ \/ _` | \ \ \ \
 \\/  ___)| |_)| | | | | || (_| |  ) ) ) )
  '  |____| .__|_| |_|_| |_\__, | / / / /
 =========|_|==============|___/=/_/_/_/

 :: Spring Boot ::                (v3.5.6)

2025-10-20T12:42:21.837+02:00  INFO 97732 --- [lets-play] [           main] c.e.lets_play.security.JwtUtilsEnvTest   : Starting JwtUtilsEnvTest using Java 21.0.8 with PID 97732 (started by zone01student in /home/zone01student/dev/Java/lets-play)
2025-10-20T12:42:21.837+02:00 DEBUG 97732 --- [lets-play] [           main] c.e.lets_play.security.JwtUtilsEnvTest   : Running with Spring Boot v3.5.6, Spring v6.2.11
2025-10-20T12:42:21.838+02:00  INFO 97732 --- [lets-play] [           main] c.e.lets_play.security.JwtUtilsEnvTest   : No active profile set, falling back to 1 default profile: "default"
2025-10-20T12:42:22.129+02:00  INFO 97732 --- [lets-play] [           main] .s.d.r.c.RepositoryConfigurationDelegate : Bootstrapping Spring Data MongoDB repositories in DEFAULT mode.
2025-10-20T12:42:22.141+02:00  INFO 97732 --- [lets-play] [           main] .s.d.r.c.RepositoryConfigurationDelegate : Finished Spring Data repository scanning in 10 ms. Found 2 MongoDB repository interfaces.
2025-10-20T12:42:22.325+02:00  INFO 97732 --- [lets-play] [           main] org.mongodb.driver.client                : MongoClient with metadata {"driver": {"name": "mongo-java-driver|sync|spring-boot", "version": "5.5.1"}, "os": {"type": "Linux", "name": "Linux", "architecture": "amd64", "version": "6.14.0-33-generic"}, "platform": "Java/Ubuntu/21.0.8+9-Ubuntu-0ubuntu124.04.1"} created with settings MongoClientSettings{readPreference=primary, writeConcern=WriteConcern{w=null, wTimeout=null ms, journal=null}, retryWrites=true, retryReads=true, readConcern=ReadConcern{level=null}, credential=null, transportSettings=null, commandListeners=[], codecRegistry=ProvidersCodecRegistry{codecProviders=[ValueCodecProvider{}, BsonValueCodecProvider{}, DBRefCodecProvider{}, DBObjectCodecProvider{}, DocumentCodecProvider{}, CollectionCodecProvider{}, IterableCodecProvider{}, MapCodecProvider{}, GeoJsonCodecProvider{}, GridFSFileCodecProvider{}, Jsr310CodecProvider{}, JsonObjectCodecProvider{}, BsonCodecProvider{}, EnumCodecProvider{}, com.mongodb.client.model.mql.ExpressionCodecProvider@29ff01df, com.mongodb.Jep395RecordCodecProvider@dfa6f48, com.mongodb.KotlinCodecProvider@6aaaa66b]}, loggerSettings=LoggerSettings{maxDocumentLength=1000}, clusterSettings={hosts=[localhost:27017], srvServiceName=mongodb, mode=SINGLE, requiredClusterType=UNKNOWN, requiredReplicaSetName='null', serverSelector='null', clusterListeners='[]', serverSelectionTimeout='30000 ms', localThreshold='15 ms'}, socketSettings=SocketSettings{connectTimeoutMS=10000, readTimeoutMS=0, receiveBufferSize=0, proxySettings=ProxySettings{host=null, port=null, username=null, password=null}}, heartbeatSocketSettings=SocketSettings{connectTimeoutMS=10000, readTimeoutMS=10000, receiveBufferSize=0, proxySettings=ProxySettings{host=null, port=null, username=null, password=null}}, connectionPoolSettings=ConnectionPoolSettings{maxSize=100, minSize=0, maxWaitTimeMS=120000, maxConnectionLifeTimeMS=0, maxConnectionIdleTimeMS=0, maintenanceInitialDelayMS=0, maintenanceFrequencyMS=60000, connectionPoolListeners=[], maxConnecting=2}, serverSettings=ServerSettings{heartbeatFrequencyMS=10000, minHeartbeatFrequencyMS=500, serverMonitoringMode=AUTO, serverListeners='[]', serverMonitorListeners='[]'}, sslSettings=SslSettings{enabled=false, invalidHostNameAllowed=false, context=null}, applicationName='null', compressorList=[], uuidRepresentation=JAVA_LEGACY, serverApi=null, autoEncryptionSettings=null, dnsClient=null, inetAddressResolver=null, contextProvider=null, timeoutMS=null}
2025-10-20T12:42:22.326+02:00  INFO 97732 --- [lets-play] [localhost:27017] org.mongodb.driver.cluster               : Monitor thread successfully connected to server with description ServerDescription{address=localhost:27017, type=STANDALONE, cryptd=false, state=CONNECTED, ok=true, minWireVersion=0, maxWireVersion=21, maxDocumentSize=16777216, logicalSessionTimeoutMinutes=30, roundTripTimeNanos=2718854, minRoundTripTimeNanos=0}
2025-10-20T12:42:22.453+02:00  INFO 97732 --- [lets-play] [           main] r$InitializeUserDetailsManagerConfigurer : Global AuthenticationManager configured with UserDetailsService bean with name userDetailsServiceImpl
2025-10-20T12:42:22.667+02:00 DEBUG 97732 --- [lets-play] [           main] o.s.s.web.DefaultSecurityFilterChain     : Will secure any request with filters: DisableEncodeUrlFilter, WebAsyncManagerIntegrationFilter, SecurityContextHolderFilter, HeaderWriterFilter, CorsFilter, LogoutFilter, RateLimitingFilter, HttpsEnforcerFilter, AuthTokenFilter, RequestCacheAwareFilter, SecurityContextHolderAwareRequestFilter, AnonymousAuthenticationFilter, SessionManagementFilter, ExceptionTranslationFilter, AuthorizationFilter
2025-10-20T12:42:22.834+02:00  INFO 97732 --- [lets-play] [           main] c.e.lets_play.security.JwtUtilsEnvTest   : Started JwtUtilsEnvTest in 1.074 seconds (process running for 11.174)
[INFO] Tests run: 1, Failures: 0, Errors: 0, Skipped: 0, Time elapsed: 1.169 s -- in com.example.lets_play.security.JwtUtilsEnvTest
[INFO] Running com.example.lets_play.LetsPlayApplicationTests
2025-10-20T12:42:22.884+02:00  INFO 97732 --- [lets-play] [           main] t.c.s.AnnotationConfigContextLoaderUtils : Could not detect default configuration classes for test class [com.example.lets_play.LetsPlayApplicationTests]: LetsPlayApplicationTests does not declare any static, non-private, non-final, nested classes annotated with @Configuration.
2025-10-20T12:42:22.887+02:00  INFO 97732 --- [lets-play] [           main] .b.t.c.SpringBootTestContextBootstrapper : Found @SpringBootConfiguration com.example.lets_play.LetsPlayApplication for test class com.example.lets_play.LetsPlayApplicationTests
2025-10-20T12:42:22.893+02:00  INFO 97732 --- [lets-play] [           main] o.s.b.d.r.RestartApplicationListener     : Restart disabled due to context in which it is running

  .   ____          _            __ _ _
 /\\ / ___'_ __ _ _(_)_ __  __ _ \ \ \ \
( ( )\___ | '_ | '_| | '_ \/ _` | \ \ \ \
 \\/  ___)| |_)| | | | | || (_| |  ) ) ) )
  '  |____| .__|_| |_|_| |_\__, | / / / /
 =========|_|==============|___/=/_/_/_/

 :: Spring Boot ::                (v3.5.6)

2025-10-20T12:42:22.930+02:00  INFO 97732 --- [lets-play] [           main] c.e.lets_play.LetsPlayApplicationTests   : Starting LetsPlayApplicationTests using Java 21.0.8 with PID 97732 (started by zone01student in /home/zone01student/dev/Java/lets-play)
2025-10-20T12:42:22.930+02:00 DEBUG 97732 --- [lets-play] [           main] c.e.lets_play.LetsPlayApplicationTests   : Running with Spring Boot v3.5.6, Spring v6.2.11
2025-10-20T12:42:22.930+02:00  INFO 97732 --- [lets-play] [           main] c.e.lets_play.LetsPlayApplicationTests   : No active profile set, falling back to 1 default profile: "default"
2025-10-20T12:42:23.172+02:00  INFO 97732 --- [lets-play] [           main] .s.d.r.c.RepositoryConfigurationDelegate : Bootstrapping Spring Data MongoDB repositories in DEFAULT mode.
2025-10-20T12:42:23.187+02:00  INFO 97732 --- [lets-play] [           main] .s.d.r.c.RepositoryConfigurationDelegate : Finished Spring Data repository scanning in 12 ms. Found 2 MongoDB repository interfaces.
2025-10-20T12:42:23.304+02:00  INFO 97732 --- [lets-play] [           main] org.mongodb.driver.client                : MongoClient with metadata {"driver": {"name": "mongo-java-driver|sync|spring-boot", "version": "5.5.1"}, "os": {"type": "Linux", "name": "Linux", "architecture": "amd64", "version": "6.14.0-33-generic"}, "platform": "Java/Ubuntu/21.0.8+9-Ubuntu-0ubuntu124.04.1"} created with settings MongoClientSettings{readPreference=primary, writeConcern=WriteConcern{w=null, wTimeout=null ms, journal=null}, retryWrites=true, retryReads=true, readConcern=ReadConcern{level=null}, credential=null, transportSettings=null, commandListeners=[], codecRegistry=ProvidersCodecRegistry{codecProviders=[ValueCodecProvider{}, BsonValueCodecProvider{}, DBRefCodecProvider{}, DBObjectCodecProvider{}, DocumentCodecProvider{}, CollectionCodecProvider{}, IterableCodecProvider{}, MapCodecProvider{}, GeoJsonCodecProvider{}, GridFSFileCodecProvider{}, Jsr310CodecProvider{}, JsonObjectCodecProvider{}, BsonCodecProvider{}, EnumCodecProvider{}, com.mongodb.client.model.mql.ExpressionCodecProvider@29ff01df, com.mongodb.Jep395RecordCodecProvider@dfa6f48, com.mongodb.KotlinCodecProvider@6aaaa66b]}, loggerSettings=LoggerSettings{maxDocumentLength=1000}, clusterSettings={hosts=[localhost:27017], srvServiceName=mongodb, mode=SINGLE, requiredClusterType=UNKNOWN, requiredReplicaSetName='null', serverSelector='null', clusterListeners='[]', serverSelectionTimeout='30000 ms', localThreshold='15 ms'}, socketSettings=SocketSettings{connectTimeoutMS=10000, readTimeoutMS=0, receiveBufferSize=0, proxySettings=ProxySettings{host=null, port=null, username=null, password=null}}, heartbeatSocketSettings=SocketSettings{connectTimeoutMS=10000, readTimeoutMS=10000, receiveBufferSize=0, proxySettings=ProxySettings{host=null, port=null, username=null, password=null}}, connectionPoolSettings=ConnectionPoolSettings{maxSize=100, minSize=0, maxWaitTimeMS=120000, maxConnectionLifeTimeMS=0, maxConnectionIdleTimeMS=0, maintenanceInitialDelayMS=0, maintenanceFrequencyMS=60000, connectionPoolListeners=[], maxConnecting=2}, serverSettings=ServerSettings{heartbeatFrequencyMS=10000, minHeartbeatFrequencyMS=500, serverMonitoringMode=AUTO, serverListeners='[]', serverMonitorListeners='[]'}, sslSettings=SslSettings{enabled=false, invalidHostNameAllowed=false, context=null}, applicationName='null', compressorList=[], uuidRepresentation=JAVA_LEGACY, serverApi=null, autoEncryptionSettings=null, dnsClient=null, inetAddressResolver=null, contextProvider=null, timeoutMS=null}
2025-10-20T12:42:23.308+02:00  INFO 97732 --- [lets-play] [localhost:27017] org.mongodb.driver.cluster               : Monitor thread successfully connected to server with description ServerDescription{address=localhost:27017, type=STANDALONE, cryptd=false, state=CONNECTED, ok=true, minWireVersion=0, maxWireVersion=21, maxDocumentSize=16777216, logicalSessionTimeoutMinutes=30, roundTripTimeNanos=3665423, minRoundTripTimeNanos=0}
2025-10-20T12:42:23.402+02:00  INFO 97732 --- [lets-play] [           main] r$InitializeUserDetailsManagerConfigurer : Global AuthenticationManager configured with UserDetailsService bean with name userDetailsServiceImpl
2025-10-20T12:42:23.637+02:00 DEBUG 97732 --- [lets-play] [           main] o.s.s.web.DefaultSecurityFilterChain     : Will secure any request with filters: DisableEncodeUrlFilter, WebAsyncManagerIntegrationFilter, SecurityContextHolderFilter, HeaderWriterFilter, CorsFilter, LogoutFilter, RateLimitingFilter, HttpsEnforcerFilter, AuthTokenFilter, RequestCacheAwareFilter, SecurityContextHolderAwareRequestFilter, AnonymousAuthenticationFilter, SessionManagementFilter, ExceptionTranslationFilter, AuthorizationFilter
2025-10-20T12:42:23.783+02:00  INFO 97732 --- [lets-play] [           main] c.e.lets_play.LetsPlayApplicationTests   : Started LetsPlayApplicationTests in 0.891 seconds (process running for 12.122)
[INFO] Tests run: 1, Failures: 0, Errors: 0, Skipped: 0, Time elapsed: 0.924 s -- in com.example.lets_play.LetsPlayApplicationTests
[INFO] 
[INFO] Results:
[INFO] 
[INFO] Tests run: 8, Failures: 0, Errors: 0, Skipped: 0
[INFO] 
[INFO] 
[INFO] --- jar:3.4.2:jar (default-jar) @ lets-play ---
[INFO] 
[INFO] --- spring-boot:3.5.6:repackage (repackage) @ lets-play ---
[INFO] Replacing main artifact /home/zone01student/dev/Java/lets-play/target/lets-play-0.0.1-SNAPSHOT.jar with repackaged archive, adding nested dependencies in BOOT-INF/.
[INFO] The original artifact has been renamed to /home/zone01student/dev/Java/lets-play/target/lets-play-0.0.1-SNAPSHOT.jar.original
[INFO] 
[INFO] --- jacoco:0.8.10:report (report) @ lets-play ---
[INFO] Loading execution data file /home/zone01student/dev/Java/lets-play/target/jacoco.exec
[INFO] Analyzed bundle 'lets-play' with 25 classes
[INFO] 
[INFO] >>> pmd:3.20.0:check (default) > :pmd @ lets-play >>>
[INFO] 
[INFO] --- pmd:3.20.0:pmd (pmd) @ lets-play ---
[INFO] Skipping PMD execution
[INFO] 
[INFO] <<< pmd:3.20.0:check (default) < :pmd @ lets-play <<<
[INFO] 
[INFO] 
[INFO] --- pmd:3.20.0:check (default) @ lets-play ---
[INFO] Skipping PMD execution
[INFO] 
[INFO] --- pmd:3.20.0:pmd (default) @ lets-play ---
[INFO] Skipping PMD execution
[INFO] 
[INFO] --- checkstyle:3.2.2:check (default) @ lets-play ---
[INFO] You have 0 Checkstyle violations.
[INFO] 
[INFO] --- checkstyle:3.2.2:checkstyle (default) @ lets-play ---
[INFO] Rendering content with org.apache.maven.skins:maven-default-skin:jar:1.3 skin.
[INFO] ------------------------------------------------------------------------
[INFO] BUILD SUCCESS
[INFO] ------------------------------------------------------------------------
[INFO] Total time:  17.067 s
[INFO] Finished at: 2025-10-20T12:42:27+02:00
[INFO] ------------------------------------------------------------------------
